23.04.2020 23:58:38: <infiSTAR.de> _fnc_RandomGen: {
_fnc_actualGen = {
_abc = ['z','y','x','w','v','u','t','s','r','q','p','o','n','m','l','k','j','i','h','g','f','e','d','c','b','a'];
_gen = _abc select (random ((count _abc)-1));
_arr = ['a','b','8','9','c','7','e','a','f','3','1','0','a','d','2','2','f','d','e','c','0','5','1','d','a','e','7','c','8','9','0'];
_randmax = {((round(random _randminval)) + (round(random _randmaxval))) max _randminval};
for '_i' from 0 to (call _randmax)do
{
_gen = _gen + str(round(random 9)) + (_arr select (random ((count _arr)-1)));
};
};
_gen = '';
while{_gen=='' || _gen in _allRandomGenVars}do{
call _fnc_actualGen;
};
_allRandomGenVars pushBack _gen;
_gen
}
23.04.2020 23:58:38: ----START-LINE----   (12-04-2020 11-07-03 - v0260)
23.04.2020 23:58:38: _adminbox: g6a6950707f60394e224e4a57
23.04.2020 23:58:38: _fnc_mpPackets: q5f1a5a7d3d4c88117a3e61402a9f4b4d
23.04.2020 23:58:38: _FNC_AH_KICKLOG: n8c1f30173c1d802578
23.04.2020 23:58:38: _FNC_AH_KICKLOGSPAWN: h7150326c3f3f3c2f7f879a48775a67
23.04.2020 23:58:38: _FNC_PVAH_AdminReq: d8d7e1a555e1e4d8a300d6a50152f2a6d0c
23.04.2020 23:58:38: _token_by_uid: b716e492a8712311e6028739f392d61
23.04.2020 23:58:38: _uid_by_token: m2f11717a2f5e5d4f7d17857111
23.04.2020 23:58:38: _server_setTokenR: i8f2a5f6f804e4f2868527d7c6a6d4250383d1b7c75
23.04.2020 23:58:38: _YourPlayerToken: y382c7d4c055a57157c29
23.04.2020 23:58:38: _TokenCT: w787a8e8f8d676b604f6a
23.04.2020 23:58:38: _AH_MAIN_BLOCK: m123368506a4f8e2a2f195c7c4e081c
23.04.2020 23:58:38: _AHKickOFF: j80728a725c2c67905a1d
23.04.2020 23:58:38: _AHKickLog: i21894c8952384e124c3e237a836c
23.04.2020 23:58:38: _clientdo: e2e81417a111e9d7a3159707e8f72495d828b31
23.04.2020 23:58:38: _AH_RunCheckENDVAR: j4e6d528d1e8780621711
23.04.2020 23:58:38: _AH_RunCheckENDVAR_THREAD: h8b4d616d210d6c8f0a9a6f881c37378e222f9d6a81826a
23.04.2020 23:58:38: _AH_HackLogArrayRND: i470d7c1d1a3a406f317f
23.04.2020 23:58:38: _AH_SurvLogArrayRND: j8e673c8a985f713d886557
23.04.2020 23:58:38: _AH_AdmiLogArrayRND: n498a4d288f996b577f
23.04.2020 23:58:38: _TMPBAN: a7a3e322f893a58126f
23.04.2020 23:58:38: _massMessage: l1a7e2d5a132808859e492948
23.04.2020 23:58:38: _massSysMessage: b305f6b5a4181803d50
23.04.2020 23:58:38: _AHpos: v4937398c80402c4a9c712a834c57214d296a217d3a1e
23.04.2020 23:58:38: _ninetwo: p87723c2d303a389a8d
23.04.2020 23:58:38: _ninetwothread: j50804a63274872520c
23.04.2020 23:58:38: _adminsA: s519b6c7a5a727a2e9e
23.04.2020 23:58:38: _MC: j802e1d1250801e77612d204e4f5b
23.04.2020 23:58:38: <infiSTAR.de> _fnc_RandomGen: {
_fnc_actualGen = {
_abc = ['z','y','x','w','v','u','t','s','r','q','p','o','n','m','l','k','j','i','h','g','f','e','d','c','b','a'];
_gen = _abc select (random ((count _abc)-1));
_arr = ['a','b','8','9','c','7','e','a','f','3','1','0','a','d','2','2','f','d','e','c','0','5','1','d','a','e','7','c','8','9','0'];
_randmax = {((round(random _randminval)) + (round(random _randmaxval))) max _randminval};
for '_i' from 0 to (call _randmax)do
{
_gen = _gen + str(round(random 9)) + (_arr select (random ((count _arr)-1)));
};
};
_gen = '';
while{_gen=='' || _gen in _allRandomGenVars}do{
call _fnc_actualGen;
};
_allRandomGenVars pushBack _gen;
_gen
}
23.04.2020 23:58:38: ----START-LINE----   (12-04-2020 11-07-03 - v0260)
23.04.2020 23:58:38: _adminbox: g6a6950707f60394e224e4a57
23.04.2020 23:58:38: _fnc_mpPackets: q5f1a5a7d3d4c88117a3e61402a9f4b4d
23.04.2020 23:58:38: _FNC_AH_KICKLOG: n8c1f30173c1d802578
23.04.2020 23:58:38: _FNC_AH_KICKLOGSPAWN: h7150326c3f3f3c2f7f879a48775a67
23.04.2020 23:58:38: _FNC_PVAH_AdminReq: d8d7e1a555e1e4d8a300d6a50152f2a6d0c
23.04.2020 23:58:38: _token_by_uid: b716e492a8712311e6028739f392d61
23.04.2020 23:58:38: _uid_by_token: m2f11717a2f5e5d4f7d17857111
23.04.2020 23:58:38: _server_setTokenR: i8f2a5f6f804e4f2868527d7c6a6d4250383d1b7c75
23.04.2020 23:58:38: _YourPlayerToken: y382c7d4c055a57157c29
23.04.2020 23:58:38: _TokenCT: w787a8e8f8d676b604f6a
23.04.2020 23:58:39: _AH_MAIN_BLOCK: m123368506a4f8e2a2f195c7c4e081c
23.04.2020 23:58:39: _AHKickOFF: j80728a725c2c67905a1d
23.04.2020 23:58:39: _AHKickLog: i21894c8952384e124c3e237a836c
23.04.2020 23:58:39: _clientdo: e2e81417a111e9d7a3159707e8f72495d828b31
23.04.2020 23:58:39: _AH_RunCheckENDVAR: j4e6d528d1e8780621711
23.04.2020 23:58:39: _AH_RunCheckENDVAR_THREAD: h8b4d616d210d6c8f0a9a6f881c37378e222f9d6a81826a
23.04.2020 23:58:39: _AH_HackLogArrayRND: i470d7c1d1a3a406f317f
23.04.2020 23:58:39: _AH_SurvLogArrayRND: j8e673c8a985f713d886557
23.04.2020 23:58:39: _AH_AdmiLogArrayRND: n498a4d288f996b577f
23.04.2020 23:58:39: _TMPBAN: a7a3e322f893a58126f
23.04.2020 23:58:39: _massMessage: l1a7e2d5a132808859e492948
23.04.2020 23:58:39: _massSysMessage: b305f6b5a4181803d50
23.04.2020 23:58:39: _AHpos: v4937398c80402c4a9c712a834c57214d296a217d3a1e
23.04.2020 23:58:39: _ninetwo: p87723c2d303a389a8d
23.04.2020 23:58:39: _ninetwothread: j50804a63274872520c
23.04.2020 23:58:39: _adminsA: s519b6c7a5a727a2e9e
23.04.2020 23:58:39: _MC: j802e1d1250801e77612d204e4f5b
23.04.2020 23:58:39: _MCS: h11415c874c3c3e5727084863653a4d138d82201732
23.04.2020 23:58:39: _checkidicheckcheck: r4950200d176f723e7939886f20415017915212
23.04.2020 23:58:39: _lastshotmade: t2d1d7d851b297861329a20
23.04.2020 23:58:39: _dellocveh: d8e336f37883d4a4c7e853f7020
23.04.2020 23:58:39: _inCombatTime: b8d6e77521e4b5a4d503361592c3c1c7a3e
23.04.2020 23:58:39: _inCombatArray: e754f7e124f25781d4c6e3c3c4a4c90
23.04.2020 23:58:39: _fnc_infiKeyHandler: g00218867901c8e49227a908c9e322f
23.04.2020 23:58:39: _vehicle_needs_check: s0d4f7e6520518c532c1f2b524a604c2140
23.04.2020 23:58:39: _MAKE_VAR_DUMP_RANDOM: b874c674a807a62612c
23.04.2020 23:58:39: _MAKE_VAR_DUMP_CLIENT: t705e887c18792861728d
23.04.2020 23:58:39: _DUMPINGPLAYERUIDARRAY: c3f6c407d31371a3d03
23.04.2020 23:58:39: _CURRENTLYDUMPING: f4f2891792f811e588f30
23.04.2020 23:58:39: _antiantihack_rndvar: v6f732e0c555129102f38452a
23.04.2020 23:58:39: _name_by_uid: t23511f521e607e2c783b1c3e0a6823
23.04.2020 23:58:39: _owner_by_uid: y587c637b322d613a6c89886c3717723137
23.04.2020 23:58:39: _customcommandingMenu: l7f615e075c0a7d2240
23.04.2020 23:58:39: _customcommandingMenuOpen: u791f491a6f2d6c788d715f6b8e3f7c7912
23.04.2020 23:58:39: _AH_KICKLOG: PVAHR_3k8c1e4c7y6o8p5e
23.04.2020 23:58:39: ----END-LINE----   (12-04-2020 11-07-03 - v0260)
