27.04.2020 00:05:07: 0h 12min | Disconnected: John Vazquez(76561198172058511 - 5) - time: 719.126 - serverFPS: 42.328
27.04.2020 00:07:10: infiSTAR_PlayerConnected_id: 1
27.04.2020 00:07:10: infiSTAR_PlayerDisconnected_id: 0
27.04.2020 00:08:17: #0 Connected: HC1(HC6924) Owner: 4
27.04.2020 00:10:29: 0h 3min | Connected: John Vazquez(76561198172058511 - 5) - time: 199.045 - serverFPS: 45.4545
27.04.2020 00:10:45: 0h 4min | Disconnected: John Vazquez(76561198172058511 - 5) - time: 215.201 - serverFPS: 44.9438
27.04.2020 00:10:54: 0h 4min | Connected: John Vazquez(76561198172058511 - 5) - time: 224.165 - serverFPS: 44.9438
27.04.2020 00:11:30: 0h 4min | Disconnected: HC1(HC6924 - 4) - time: 260.261 - serverFPS: 45.3258
27.04.2020 00:12:59: infiSTAR_PlayerConnected_id: 1
27.04.2020 00:12:59: infiSTAR_PlayerDisconnected_id: 0
27.04.2020 00:13:00: #0 Connected: headlessclient(HC5540) Owner: 4
27.04.2020 00:13:10: 0h 0min | Connected: John Vazquez(76561198172058511 - 5) - time: 12.355 - serverFPS: 45.584
27.04.2020 00:14:13: 0h 1min | Disconnected: John Vazquez(76561198172058511 - 5) - time: 75.191 - serverFPS: 45.977
27.04.2020 00:29:09: infiSTAR_PlayerConnected_id: 1
27.04.2020 00:29:09: infiSTAR_PlayerDisconnected_id: 0
27.04.2020 00:29:33: #0 Connected: headlessclient(HC4268) Owner: 4
27.04.2020 00:30:25: 0h 1min | Connected: John Vazquez(76561198172058511 - 5) - time: 75.478 - serverFPS: 45.1977
27.04.2020 00:32:03: 0h 3min | Disconnected: John Vazquez(76561198172058511 - 5) - time: 174.148 - serverFPS: 44.9438
27.04.2020 00:32:15: 0h 3min | Connected: John Vazquez(76561198172058511 - 5) - time: 185.382 - serverFPS: 45.3258
27.04.2020 00:35:53: infiSTAR_PlayerConnected_id: 1
27.04.2020 00:35:53: infiSTAR_PlayerDisconnected_id: 0
27.04.2020 00:35:55: #0 Connected: headlessclient(HC6252) Owner: 4
27.04.2020 00:41:09: 0h 5min | Connected: John Vazquez(76561198172058511 - 7) - time: 316.415 - serverFPS: 45.7143
27.04.2020 00:44:50: 0h 9min | Disconnected: headlessclient(HC6252 - 4) - time: 537.656 - serverFPS: 42.2164
27.04.2020 00:46:00: infiSTAR_PlayerConnected_id: 1
27.04.2020 00:46:00: infiSTAR_PlayerDisconnected_id: 0
27.04.2020 00:46:26: #0 Connected: headlessclient(HC2812) Owner: 4
27.04.2020 00:57:53: 0h 12min | Connected: John Vazquez(76561198172058511 - 7) - time: 712.103 - serverFPS: 45.3258
27.04.2020 01:02:24: 0h 16min | Disconnected: John Vazquez(76561198172058511 - 7) - time: 983.663 - serverFPS: 45.8453
27.04.2020 13:10:33: infiSTAR_PlayerConnected_id: 1
27.04.2020 13:10:33: infiSTAR_PlayerDisconnected_id: 0
27.04.2020 13:10:35: #0 Connected: headlessclient(HC2028) Owner: 4
27.04.2020 13:15:08: 0h 5min | Connected: John Vazquez(76561198172058511 - 5) - time: 275.9 - serverFPS: 45.4545
27.04.2020 13:23:15: 0h 10min | Disconnected: John Vazquez(76561198172058511 - 5) - time: 595.359 - serverFPS: 41.9948
27.04.2020 13:31:01: infiSTAR_PlayerConnected_id: 1
27.04.2020 13:31:01: infiSTAR_PlayerDisconnected_id: 0
27.04.2020 13:31:29: #0 Connected: headlessclient(HC4864) Owner: 4
