20.04.2020 00:40:02: John Vazquez(76561198172058511) CLIENT OWNER ID [4], TOKEN [q9x0ajki8bqub5v]
20.04.2020 00:40:30: John Vazquez(76561198172058511) CLIENT OWNER ID [4], TOKEN [uyrnkk2a1hybi7ng]
20.04.2020 00:42:47: John Vazquez(76561198172058511) CLIENT OWNER ID [4], TOKEN [se2i04hecpjqbm]
20.04.2020 00:47:22: John Vazquez(76561198172058511) CLIENT OWNER ID [4], TOKEN [eavp6jsfsmphdccp]
20.04.2020 00:47:46: John Vazquez(76561198172058511) CLIENT OWNER ID [4], TOKEN [y6m3eivljeisacyo]
20.04.2020 00:55:07: John Vazquez(76561198172058511) CLIENT OWNER ID [4], TOKEN [ai0ydmh4erm1j2nn3]
20.04.2020 00:58:38: John Vazquez(76561198172058511) CLIENT OWNER ID [4], TOKEN [nipbj63uvvpmx6k0]
20.04.2020 01:12:43: John Vazquez(76561198172058511) CLIENT OWNER ID [4], TOKEN [odmdnlqppgti1ltxt]
20.04.2020 01:15:43: John Vazquez(76561198172058511) CLIENT OWNER ID [4], TOKEN [ld8ubvdnrdlhuzpaw]
20.04.2020 01:16:38: John Vazquez(76561198172058511) CLIENT OWNER ID [4], TOKEN [cbdgqrq5lpphzj1]
20.04.2020 02:25:51: John Vazquez(76561198172058511) CLIENT OWNER ID [4], TOKEN [tbngs377tw2agnpf]
20.04.2020 02:26:48: John Vazquez(76561198172058511) CLIENT OWNER ID [4], TOKEN [c2rvn15bdogv01]
20.04.2020 13:16:14: John Vazquez(76561198172058511) CLIENT OWNER ID [4], TOKEN [d7d4forl52ga7xhg]
20.04.2020 13:56:29: John Vazquez(76561198172058511) CLIENT OWNER ID [4], TOKEN [ircbegx15588sor]
20.04.2020 14:02:37: John Vazquez(76561198172058511) CLIENT OWNER ID [4], TOKEN [cp0npiu1rz4lk8kooh]
20.04.2020 15:51:24: John Vazquez(76561198172058511) CLIENT OWNER ID [4], TOKEN [uhsk7il0fbki6uze]
20.04.2020 15:56:05: John Vazquez(76561198172058511) CLIENT OWNER ID [4], TOKEN [ylpbdepj41ufcqc]
20.04.2020 16:48:53: John Vazquez(76561198172058511) CLIENT OWNER ID [4], TOKEN [ng60rrf9o40z8wvb]
20.04.2020 16:55:20: John Vazquez(76561198172058511) CLIENT OWNER ID [4], TOKEN [ry8t8fs1bdhjs1nn7]
20.04.2020 16:58:19: John Vazquez(76561198172058511) CLIENT OWNER ID [4], TOKEN [x1kv3pu48ubqxos0]
20.04.2020 17:27:20: John Vazquez(76561198172058511) CLIENT OWNER ID [4], TOKEN [ugfxcgy8srrlm755csh]
20.04.2020 19:43:52: John Vazquez(76561198172058511) CLIENT OWNER ID [4], TOKEN [l9qiy2xco2nvqxk]
20.04.2020 19:53:20: John Vazquez(76561198172058511) CLIENT OWNER ID [4], TOKEN [fvux4zwmu5b8scf4pt]
20.04.2020 19:58:32: John Vazquez(76561198172058511) CLIENT OWNER ID [4], TOKEN [vj40vyg034k955c]
20.04.2020 20:06:23: John Vazquez(76561198172058511) CLIENT OWNER ID [4], TOKEN [liffpigdf21sw38]
20.04.2020 20:09:23: John Vazquez(76561198172058511) CLIENT OWNER ID [4], TOKEN [s58spqht2xxso86]
20.04.2020 20:49:39: John Vazquez(76561198172058511) CLIENT OWNER ID [4], TOKEN [s004rhh2lkzs0mm]
20.04.2020 21:26:47: John Vazquez(76561198172058511) CLIENT OWNER ID [4], TOKEN [ifzps8ge35bim53bs7g]
20.04.2020 21:29:58: John Vazquez(76561198172058511) CLIENT OWNER ID [4], TOKEN [xyz03aqblbdh27jyh5]
20.04.2020 21:33:51: John Vazquez(76561198172058511) CLIENT OWNER ID [4], TOKEN [ihj7vs6vjhtb5se3hk]
20.04.2020 21:55:10: John Vazquez(76561198172058511) CLIENT OWNER ID [4], TOKEN [cy85pxre7qgwb0]
20.04.2020 22:06:18: John Vazquez(76561198172058511) CLIENT OWNER ID [6], TOKEN [yc2rjggauyzii3ymxk6]
20.04.2020 23:27:14: John Vazquez(76561198172058511) CLIENT OWNER ID [4], TOKEN [u5takbdhdkihp29c]
