26.04.2020 02:28:15: <infiSTAR.de> _fnc_RandomGen: {
_fnc_actualGen = {
_abc = ['z','y','x','w','v','u','t','s','r','q','p','o','n','m','l','k','j','i','h','g','f','e','d','c','b','a'];
_gen = _abc select (random ((count _abc)-1));
_arr = ['a','b','8','9','c','7','e','a','f','3','1','0','a','d','2','2','f','d','e','c','0','5','1','d','a','e','7','c','8','9','0'];
_randmax = {((round(random _randminval)) + (round(random _randmaxval))) max _randminval};
for '_i' from 0 to (call _randmax)do
{
_gen = _gen + str(round(random 9)) + (_arr select (random ((count _arr)-1)));
};
};
_gen = '';
while{_gen=='' || _gen in _allRandomGenVars}do{
call _fnc_actualGen;
};
_allRandomGenVars pushBack _gen;
_gen
}
26.04.2020 02:28:15: ----START-LINE----   (12-04-2020 11-07-03 - v0260)
26.04.2020 02:28:15: _adminbox: d2d4e28786a5b775c43
26.04.2020 02:28:15: _fnc_mpPackets: t2d87473a9e81709c57
26.04.2020 02:28:15: _FNC_AH_KICKLOG: x69207c180a6c3e4d7f721c77
26.04.2020 02:28:15: _FNC_AH_KICKLOGSPAWN: c257851796e1e3972013f683a3b4d2c6e57
26.04.2020 02:28:15: _FNC_PVAH_AdminReq: q9e716799603727185c4f2e6c8d3e4c1028751d
26.04.2020 02:28:15: _token_by_uid: b2a5e5971512c7d074e62221b55
26.04.2020 02:28:15: _uid_by_token: s1e70103a517210691d
26.04.2020 02:28:15: _server_setTokenR: g5a688d6d2d116a42873a17481538505b3f1e226d40
26.04.2020 02:28:15: _YourPlayerToken: t485a194d2a395e5f42
26.04.2020 02:28:15: _TokenCT: n332c5e725d286980211003923a3a6d7f7142
26.04.2020 02:28:15: _AH_MAIN_BLOCK: n7f222a415c927c7a31
26.04.2020 02:28:15: _AHKickOFF: a283a7d1a813d23758a58196d89
26.04.2020 02:28:16: _AHKickLog: x3c895e3d7c5d20279f2e2c4a50896d
26.04.2020 02:28:16: _clientdo: d25826e1c703f52706d2f734a6c1c38787b237732200f434d
26.04.2020 02:28:16: _AH_RunCheckENDVAR: k535d31518e7843578a1a67572162
26.04.2020 02:28:16: _AH_RunCheckENDVAR_THREAD: j7b67278923210a277f8f2e0f186b
26.04.2020 02:28:16: _AH_HackLogArrayRND: z2a004e7730718c8c1f2049
26.04.2020 02:28:16: _AH_SurvLogArrayRND: n39281f1089997581225210181f22
26.04.2020 02:28:16: _AH_AdmiLogArrayRND: t5211123e0c3f3f1a2e0c8c5d524f
26.04.2020 02:28:16: _TMPBAN: o30852d870f2f8d258d
26.04.2020 02:28:16: _massMessage: i584f859830405b1d5e25138852837d9747
26.04.2020 02:28:16: _massSysMessage: i5c52407d0a8d696925
26.04.2020 02:28:16: _AHpos: u2a4d8a5d0f89553f0e27118d492c5e15157b422347
26.04.2020 02:28:16: _ninetwo: d624a20102c59827908593f4f973d535060
26.04.2020 02:28:16: _ninetwothread: q3a27407e497960479e6a252f1d498708
26.04.2020 02:28:16: _adminsA: p7a4a2f1e039e4f42286a2e
26.04.2020 02:28:16: _MC: d5e0a806d5021172132
26.04.2020 02:28:16: _MCS: d3d052e4a793e226285
26.04.2020 02:28:16: <infiSTAR.de> _fnc_RandomGen: {
_fnc_actualGen = {
_abc = ['z','y','x','w','v','u','t','s','r','q','p','o','n','m','l','k','j','i','h','g','f','e','d','c','b','a'];
_gen = _abc select (random ((count _abc)-1));
_arr = ['a','b','8','9','c','7','e','a','f','3','1','0','a','d','2','2','f','d','e','c','0','5','1','d','a','e','7','c','8','9','0'];
_randmax = {((round(random _randminval)) + (round(random _randmaxval))) max _randminval};
for '_i' from 0 to (call _randmax)do
{
_gen = _gen + str(round(random 9)) + (_arr select (random ((count _arr)-1)));
};
};
_gen = '';
while{_gen=='' || _gen in _allRandomGenVars}do{
call _fnc_actualGen;
};
_allRandomGenVars pushBack _gen;
_gen
}
26.04.2020 02:28:16: ----START-LINE----   (12-04-2020 11-07-03 - v0260)
26.04.2020 02:28:16: _adminbox: d2d4e28786a5b775c43
26.04.2020 02:28:16: _fnc_mpPackets: t2d87473a9e81709c57
26.04.2020 02:28:16: _FNC_AH_KICKLOG: x69207c180a6c3e4d7f721c77
26.04.2020 02:28:16: _FNC_AH_KICKLOGSPAWN: c257851796e1e3972013f683a3b4d2c6e57
26.04.2020 02:28:16: _FNC_PVAH_AdminReq: q9e716799603727185c4f2e6c8d3e4c1028751d
26.04.2020 02:28:16: _token_by_uid: b2a5e5971512c7d074e62221b55
26.04.2020 02:28:16: _uid_by_token: s1e70103a517210691d
26.04.2020 02:28:16: _server_setTokenR: g5a688d6d2d116a42873a17481538505b3f1e226d40
26.04.2020 02:28:16: _YourPlayerToken: t485a194d2a395e5f42
26.04.2020 02:28:16: _TokenCT: n332c5e725d286980211003923a3a6d7f7142
26.04.2020 02:28:16: _AH_MAIN_BLOCK: n7f222a415c927c7a31
26.04.2020 02:28:16: _AHKickOFF: a283a7d1a813d23758a58196d89
26.04.2020 02:28:16: _AHKickLog: x3c895e3d7c5d20279f2e2c4a50896d
26.04.2020 02:28:16: _clientdo: d25826e1c703f52706d2f734a6c1c38787b237732200f434d
26.04.2020 02:28:16: _AH_RunCheckENDVAR: k535d31518e7843578a1a67572162
26.04.2020 02:28:16: _AH_RunCheckENDVAR_THREAD: j7b67278923210a277f8f2e0f186b
26.04.2020 02:28:16: _AH_HackLogArrayRND: z2a004e7730718c8c1f2049
26.04.2020 02:28:16: _AH_SurvLogArrayRND: n39281f1089997581225210181f22
26.04.2020 02:28:16: _AH_AdmiLogArrayRND: t5211123e0c3f3f1a2e0c8c5d524f
26.04.2020 02:28:16: _TMPBAN: o30852d870f2f8d258d
26.04.2020 02:28:16: _massMessage: i584f859830405b1d5e25138852837d9747
26.04.2020 02:28:16: _massSysMessage: i5c52407d0a8d696925
26.04.2020 02:28:16: _AHpos: u2a4d8a5d0f89553f0e27118d492c5e15157b422347
26.04.2020 02:28:16: _ninetwo: d624a20102c59827908593f4f973d535060
26.04.2020 02:28:16: _ninetwothread: q3a27407e497960479e6a252f1d498708
26.04.2020 02:28:16: _adminsA: p7a4a2f1e039e4f42286a2e
26.04.2020 02:28:16: _MC: d5e0a806d5021172132
26.04.2020 02:28:16: _MCS: d3d052e4a793e226285
26.04.2020 02:28:16: _checkidicheckcheck: l4f6a9f396c392c4c8d6a4079386d
26.04.2020 02:28:16: _lastshotmade: l52825110982b491a2a307c906f5055
26.04.2020 02:28:16: _dellocveh: y0e6a4e48421c786c68516a5d9d500a6e6d
26.04.2020 02:28:16: _inCombatTime: y692a7d7d995a4207799a276030880147228c1141795d824e
26.04.2020 02:28:16: _inCombatArray: c6f47424f4f8d5c6c3d8e7c1d4a3d979188397c07576e
26.04.2020 02:28:16: _fnc_infiKeyHandler: s109c99282a20297f8f1355891732
26.04.2020 02:28:16: _vehicle_needs_check: w431145727d87627773216d
26.04.2020 02:28:16: _MAKE_VAR_DUMP_RANDOM: j6d0c3a707d232d6e5a0a
26.04.2020 02:28:16: _MAKE_VAR_DUMP_CLIENT: a473e712990620f3c888060877d1e594f0c5e3e7239
26.04.2020 02:28:16: _DUMPINGPLAYERUIDARRAY: b2e28283c2d185e17434c53590a52699a250831113c7a
26.04.2020 02:28:16: _CURRENTLYDUMPING: v2e67419a099a7a0a825a
26.04.2020 02:28:16: _antiantihack_rndvar: u31558c176a680e384d
26.04.2020 02:28:16: _name_by_uid: m8b4d4c4329311b076a2c7e6c4e8c2d2842
26.04.2020 02:28:16: _owner_by_uid: q4a356a8e2e9a104f5c6c8e2c2f3e392b
26.04.2020 02:28:16: _customcommandingMenu: b695d89177d5a58319a2a8c3a527d6e3a29
26.04.2020 02:28:16: _customcommandingMenuOpen: n775d486d3c9a703e1c
26.04.2020 02:28:16: _AH_KICKLOG: PVAHR_7p6t6u7u8e2f3w3y
26.04.2020 02:28:16: ----END-LINE----   (12-04-2020 11-07-03 - v0260)
26.04.2020 02:32:49: <infiSTAR.de> _fnc_RandomGen: {
_fnc_actualGen = {
_abc = ['z','y','x','w','v','u','t','s','r','q','p','o','n','m','l','k','j','i','h','g','f','e','d','c','b','a'];
_gen = _abc select (random ((count _abc)-1));
_arr = ['a','b','8','9','c','7','e','a','f','3','1','0','a','d','2','2','f','d','e','c','0','5','1','d','a','e','7','c','8','9','0'];
_randmax = {((round(random _randminval)) + (round(random _randmaxval))) max _randminval};
for '_i' from 0 to (call _randmax)do
{
_gen = _gen + str(round(random 9)) + (_arr select (random ((count _arr)-1)));
};
};
_gen = '';
while{_gen=='' || _gen in _allRandomGenVars}do{
call _fnc_actualGen;
};
_allRandomGenVars pushBack _gen;
_gen
}
26.04.2020 02:32:49: ----START-LINE----   (12-04-2020 11-07-03 - v0260)
26.04.2020 02:32:49: _adminbox: p183f7d3a7e7779025a92296f278170114d
26.04.2020 02:32:49: _fnc_mpPackets: x723878207251712e2e
26.04.2020 02:32:49: _FNC_AH_KICKLOG: p704d5a1e3d5740395a283e4c8240032d
26.04.2020 02:32:49: _FNC_AH_KICKLOGSPAWN: r1788625d157e505b7d503d4a
26.04.2020 02:32:49: _FNC_PVAH_AdminReq: o2d28592f904040802e33091c12
26.04.2020 02:32:49: _token_by_uid: l502f77684f014a821e
26.04.2020 02:32:49: _uid_by_token: l13651e221c32853b926c0a506592201c21
26.04.2020 02:32:49: _server_setTokenR: k8b21612331198a4a284c3f1a6a625c6d1d50
26.04.2020 02:32:49: _YourPlayerToken: b5f9a314a784c6a252a251d6a45
26.04.2020 02:32:49: _TokenCT: e68131c7a7d8a587a93
26.04.2020 02:32:49: _AH_MAIN_BLOCK: h4d219f3c707f471545104f5d5f4d5e
26.04.2020 02:32:49: _AHKickOFF: s87538d299d8e65803a4a0a4a793c3c82
26.04.2020 02:32:49: _AHKickLog: u1d3c9c60198c5e7f1e2a274a2c31
26.04.2020 02:32:49: _clientdo: k700a47805c9d19804d
26.04.2020 02:32:49: _AH_RunCheckENDVAR: d17127d8d60281c1a79
26.04.2020 02:32:49: _AH_RunCheckENDVAR_THREAD: b7e221c4d1d8d9a614d5a8f2b593a9b22318f20
26.04.2020 02:32:49: _AH_HackLogArrayRND: g8c00115f61108a8e8b2e8f60309e5a58
26.04.2020 02:32:49: _AH_SurvLogArrayRND: x1940624c7f786d6042896e783811
26.04.2020 02:32:49: _AH_AdmiLogArrayRND: m2d4a208190029170702e224a3380472f9f3d67
26.04.2020 02:32:49: _TMPBAN: e7d4c6049894d3a07004b5a606d48226a
26.04.2020 02:32:49: _massMessage: u2a9d7e8f4a90375742
26.04.2020 02:32:49: _massSysMessage: w695c2a2a12825b6c6c70390d
26.04.2020 02:32:49: _AHpos: t5e1f6c418d1c3a6d2a
26.04.2020 02:32:49: _ninetwo: t3e4d4b3c4a106d0d1d9e
26.04.2020 02:32:49: _ninetwothread: s7e6d873c3320271971
26.04.2020 02:32:49: _adminsA: i1d1833495a6f70382a3779076b6e3d
26.04.2020 02:32:49: _MC: x9a3c8e584d5f654d3d391c5e9d6e7f893122
26.04.2020 02:32:49: _MCS: j4d19193d09116a1c88
26.04.2020 02:32:50: _checkidicheckcheck: k518d9e88589c5d0c775c572a876c5f1232
26.04.2020 02:32:50: _lastshotmade: n430e6e7d972d6d7e0b670a209c4b6d7a4f5748
26.04.2020 02:32:50: _dellocveh: m4c6c7d206f48008e6d3f327a3c312c0173803f0e8e
26.04.2020 02:32:50: <infiSTAR.de> _fnc_RandomGen: {
_fnc_actualGen = {
_abc = ['z','y','x','w','v','u','t','s','r','q','p','o','n','m','l','k','j','i','h','g','f','e','d','c','b','a'];
_gen = _abc select (random ((count _abc)-1));
_arr = ['a','b','8','9','c','7','e','a','f','3','1','0','a','d','2','2','f','d','e','c','0','5','1','d','a','e','7','c','8','9','0'];
_randmax = {((round(random _randminval)) + (round(random _randmaxval))) max _randminval};
for '_i' from 0 to (call _randmax)do
{
_gen = _gen + str(round(random 9)) + (_arr select (random ((count _arr)-1)));
};
};
_gen = '';
while{_gen=='' || _gen in _allRandomGenVars}do{
call _fnc_actualGen;
};
_allRandomGenVars pushBack _gen;
_gen
}
26.04.2020 02:32:50: ----START-LINE----   (12-04-2020 11-07-03 - v0260)
26.04.2020 02:32:50: _adminbox: p183f7d3a7e7779025a92296f278170114d
26.04.2020 02:32:50: _fnc_mpPackets: x723878207251712e2e
26.04.2020 02:32:50: _FNC_AH_KICKLOG: p704d5a1e3d5740395a283e4c8240032d
26.04.2020 02:32:50: _FNC_AH_KICKLOGSPAWN: r1788625d157e505b7d503d4a
26.04.2020 02:32:50: _FNC_PVAH_AdminReq: o2d28592f904040802e33091c12
26.04.2020 02:32:50: _token_by_uid: l502f77684f014a821e
26.04.2020 02:32:50: _uid_by_token: l13651e221c32853b926c0a506592201c21
26.04.2020 02:32:50: _YourPlayerToken: b5f9a314a784c6a252a251d6a45
26.04.2020 02:32:50: _AH_AdmiLogArrayRND: m2d4a208190029170702e224a3380472f9f3d67
26.04.2020 02:32:50: _TMPBAN: e7d4c6049894d3a07004b5a606d48226a
26.04.2020 02:32:50: _massMessage: u2a9d7e8f4a90375742
26.04.2020 02:32:50: _massSysMessage: w695c2a2a12825b6c6c70390d
26.04.2020 02:32:50: _AHpos: t5e1f6c418d1c3a6d2a
26.04.2020 02:32:50: _ninetwo: t3e4d4b3c4a106d0d1d9e
26.04.2020 02:32:50: _ninetwothread: s7e6d873c3320271971
26.04.2020 02:32:50: _adminsA: i1d1833495a6f70382a3779076b6e3d
26.04.2020 02:32:50: _MC: x9a3c8e584d5f654d3d391c5e9d6e7f893122
26.04.2020 02:32:50: _MCS: j4d19193d09116a1c88
26.04.2020 02:32:50: _checkidicheckcheck: k518d9e88589c5d0c775c572a876c5f1232
26.04.2020 02:32:50: _lastshotmade: n430e6e7d972d6d7e0b670a209c4b6d7a4f5748
26.04.2020 02:32:50: _dellocveh: m4c6c7d206f48008e6d3f327a3c312c0173803f0e8e
26.04.2020 02:32:50: _inCombatTime: u3a2d8e3832415a397222852d3d59019068434d883a7b
26.04.2020 02:32:50: _inCombatArray: r29202d005d0a886d700b2f
26.04.2020 02:32:50: _fnc_infiKeyHandler: r2905221c8c3e0d2a3d614d1a87823a929b
26.04.2020 02:32:50: _vehicle_needs_check: i0e48908e4a7f6d6c778b3c623a2c0e5a
26.04.2020 02:32:50: _MAKE_VAR_DUMP_RANDOM: r402a428a2030571292336b5f6a5c8589636f3b
26.04.2020 02:32:50: _MAKE_VAR_DUMP_CLIENT: w3f277f823e675e493a421f4e456f
26.04.2020 02:32:50: _DUMPINGPLAYERUIDARRAY: v8c5c5d7f6a378a1a3a4d7c39676a0a4d6d2e
26.04.2020 02:32:50: _CURRENTLYDUMPING: n90826a884a291a81213b3a812e
26.04.2020 02:32:50: _antiantihack_rndvar: c011353073a8738801c
26.04.2020 02:32:50: _name_by_uid: d8227430c376a727c603a
26.04.2020 02:32:50: _owner_by_uid: j23379e8a93880d019f383c8a4d9d323d418f0b
26.04.2020 02:32:50: _customcommandingMenu: j8d91792080156c556c
26.04.2020 02:32:50: _customcommandingMenuOpen: d6c1a125c688045991d8c6e0d9e7e294f4e1c95
26.04.2020 02:32:50: _AH_KICKLOG: PVAHR_6c0z0o9i2l3f7f6b
26.04.2020 02:32:50: ----END-LINE----   (12-04-2020 11-07-03 - v0260)
26.04.2020 23:53:07: <infiSTAR.de> _fnc_RandomGen: {
_fnc_actualGen = {
_abc = ['z','y','x','w','v','u','t','s','r','q','p','o','n','m','l','k','j','i','h','g','f','e','d','c','b','a'];
_gen = _abc select (random ((count _abc)-1));
_arr = ['a','b','8','9','c','7','e','a','f','3','1','0','a','d','2','2','f','d','e','c','0','5','1','d','a','e','7','c','8','9','0'];
_randmax = {((round(random _randminval)) + (round(random _randmaxval))) max _randminval};
for '_i' from 0 to (call _randmax)do
{
_gen = _gen + str(round(random 9)) + (_arr select (random ((count _arr)-1)));
};
};
_gen = '';
while{_gen=='' || _gen in _allRandomGenVars}do{
call _fnc_actualGen;
};
_allRandomGenVars pushBack _gen;
_gen
}
26.04.2020 23:53:07: ----START-LINE----   (12-04-2020 11-07-03 - v0260)
26.04.2020 23:53:07: _adminbox: f0e457f9b1c993b519e
26.04.2020 23:53:07: _fnc_mpPackets: e0a4e386b1f8240288709770553706c8a
26.04.2020 23:53:07: _FNC_AH_KICKLOG: r6c8d9c581d09398d417022
26.04.2020 23:53:07: _FNC_AH_KICKLOGSPAWN: w8c8a671f3818583b70
26.04.2020 23:53:07: _FNC_PVAH_AdminReq: k8f7e72717f312a278288338017312b6280
26.04.2020 23:53:07: _token_by_uid: s789898398e9e7f8c0259856a7e7d78803880896a670f7c20
26.04.2020 23:53:07: _uid_by_token: n1a42838f80454f8a20
26.04.2020 23:53:07: _server_setTokenR: u699a2e607f778c1f2f6d076a220f2c
26.04.2020 23:53:07: _YourPlayerToken: s1f2e932e80821c2f2f41222300178c
26.04.2020 23:53:07: _TokenCT: b1c3250283d928e1b299e21
26.04.2020 23:53:07: _AH_MAIN_BLOCK: j51434798793a874c409c8d5e3d710e5e4f4e
26.04.2020 23:53:07: _AHKickOFF: w2c9932678f4f2a00578859
26.04.2020 23:53:07: _AHKickLog: u47137f3c0c7f225d4c89294a20199128794d322e3d3e
26.04.2020 23:53:07: _clientdo: g5d008005698e0d2097
26.04.2020 23:53:07: _AH_RunCheckENDVAR: b583083271d4c80238c51984f
26.04.2020 23:53:07: _AH_RunCheckENDVAR_THREAD: f6c7d9f5f8e6c611d0e0a1c6072385a481225
26.04.2020 23:53:07: _AH_HackLogArrayRND: t47182e6a3c19911e57
26.04.2020 23:53:07: _AH_SurvLogArrayRND: z6c322a295b987c498a25390d6c1a671c6b10
26.04.2020 23:53:07: _AH_AdmiLogArrayRND: f3e486d578e825c335a7921354d1e1a
26.04.2020 23:53:07: _TMPBAN: j1a995e8c901b1a4e5e8e7c5f0c190c0d7d7e9e7d47
26.04.2020 23:53:07: _massMessage: i909f8a0e3d5c593352
26.04.2020 23:53:07: _massSysMessage: u29586a00525787780a878c32652d4e3b2777186f4d285c
26.04.2020 23:53:07: _AHpos: p71988d49517d71773d
26.04.2020 23:53:07: _ninetwo: d5a032d68302d3a202a5a513e8f
26.04.2020 23:53:07: _ninetwothread: r9e2e2a791c4a278e6a9c115a75388d5e383f8320
26.04.2020 23:53:07: _adminsA: v005c7c7b3c9130116c
26.04.2020 23:53:07: _MC: m4a8e58231f784d3c5c6d0769
26.04.2020 23:53:07: _MCS: o670f0e2e6a8a576c10
26.04.2020 23:53:07: <infiSTAR.de> _fnc_RandomGen: {
_fnc_actualGen = {
_abc = ['z','y','x','w','v','u','t','s','r','q','p','o','n','m','l','k','j','i','h','g','f','e','d','c','b','a'];
_gen = _abc select (random ((count _abc)-1));
_arr = ['a','b','8','9','c','7','e','a','f','3','1','0','a','d','2','2','f','d','e','c','0','5','1','d','a','e','7','c','8','9','0'];
_randmax = {((round(random _randminval)) + (round(random _randmaxval))) max _randminval};
for '_i' from 0 to (call _randmax)do
{
_gen = _gen + str(round(random 9)) + (_arr select (random ((count _arr)-1)));
};
};
_gen = '';
while{_gen=='' || _gen in _allRandomGenVars}do{
call _fnc_actualGen;
};
_allRandomGenVars pushBack _gen;
_gen
}
26.04.2020 23:53:07: ----START-LINE----   (12-04-2020 11-07-03 - v0260)
26.04.2020 23:53:07: _adminbox: f0e457f9b1c993b519e
26.04.2020 23:53:07: _fnc_mpPackets: e0a4e386b1f8240288709770553706c8a
26.04.2020 23:53:08: _FNC_AH_KICKLOG: r6c8d9c581d09398d417022
26.04.2020 23:53:08: _FNC_AH_KICKLOGSPAWN: w8c8a671f3818583b70
26.04.2020 23:53:08: _FNC_PVAH_AdminReq: k8f7e72717f312a278288338017312b6280
26.04.2020 23:53:08: _token_by_uid: s789898398e9e7f8c0259856a7e7d78803880896a670f7c20
26.04.2020 23:53:08: _uid_by_token: n1a42838f80454f8a20
26.04.2020 23:53:08: _server_setTokenR: u699a2e607f778c1f2f6d076a220f2c
26.04.2020 23:53:08: _YourPlayerToken: s1f2e932e80821c2f2f41222300178c
26.04.2020 23:53:08: _TokenCT: b1c3250283d928e1b299e21
26.04.2020 23:53:08: _AH_MAIN_BLOCK: j51434798793a874c409c8d5e3d710e5e4f4e
26.04.2020 23:53:08: _AHKickOFF: w2c9932678f4f2a00578859
26.04.2020 23:53:08: _AHKickLog: u47137f3c0c7f225d4c89294a20199128794d322e3d3e
26.04.2020 23:53:08: _clientdo: g5d008005698e0d2097
26.04.2020 23:53:08: _AH_RunCheckENDVAR: b583083271d4c80238c51984f
26.04.2020 23:53:08: _AH_RunCheckENDVAR_THREAD: f6c7d9f5f8e6c611d0e0a1c6072385a481225
26.04.2020 23:53:08: _AH_HackLogArrayRND: t47182e6a3c19911e57
26.04.2020 23:53:08: _AH_SurvLogArrayRND: z6c322a295b987c498a25390d6c1a671c6b10
26.04.2020 23:53:08: _AH_AdmiLogArrayRND: f3e486d578e825c335a7921354d1e1a
26.04.2020 23:53:08: _TMPBAN: j1a995e8c901b1a4e5e8e7c5f0c190c0d7d7e9e7d47
26.04.2020 23:53:08: _massMessage: i909f8a0e3d5c593352
26.04.2020 23:53:08: _massSysMessage: u29586a00525787780a878c32652d4e3b2777186f4d285c
26.04.2020 23:53:08: _AHpos: p71988d49517d71773d
26.04.2020 23:53:08: _ninetwo: d5a032d68302d3a202a5a513e8f
26.04.2020 23:53:08: _ninetwothread: r9e2e2a791c4a278e6a9c115a75388d5e383f8320
26.04.2020 23:53:08: _adminsA: v005c7c7b3c9130116c
26.04.2020 23:53:08: _MC: m4a8e58231f784d3c5c6d0769
26.04.2020 23:53:08: _MCS: o670f0e2e6a8a576c10
26.04.2020 23:53:08: _checkidicheckcheck: n755d2115193f2a751f6e907f5e681d40
26.04.2020 23:53:08: _lastshotmade: d0d2c19799a4757877d6e7c
26.04.2020 23:53:08: _dellocveh: f8718789b3c093e216d3e1d4b201d5d
26.04.2020 23:53:08: _inCombatTime: m3a6070733d45077f199e2a528a852e822d
26.04.2020 23:53:08: _inCombatArray: i99783d2e457a32837068
26.04.2020 23:53:08: _fnc_infiKeyHandler: x633f698a835a8c8c7f4d7a726e0060
26.04.2020 23:53:08: _vehicle_needs_check: c32453e23654a5c895f305f505f9e1a5838726097
26.04.2020 23:53:08: _MAKE_VAR_DUMP_RANDOM: a70717a7c6802326237404f31
26.04.2020 23:53:08: _MAKE_VAR_DUMP_CLIENT: u5f7c837a0f60887f724957251870676b8e15
26.04.2020 23:53:08: _DUMPINGPLAYERUIDARRAY: c7d4e21571c70596f7d252a7e118e678f819a0e4e
26.04.2020 23:53:08: _CURRENTLYDUMPING: k25109520797f8e0d5a
26.04.2020 23:53:08: _antiantihack_rndvar: u1c505e5a850e151138
26.04.2020 23:53:08: _name_by_uid: w0b434a778b056a496e
26.04.2020 23:53:08: _owner_by_uid: p6c0937316f8e956c8d8f39
26.04.2020 23:53:08: _customcommandingMenu: i58519a004c6500084a38779e4c87880077
26.04.2020 23:53:08: _customcommandingMenuOpen: z2c3f79616d631d288d824d87625f
26.04.2020 23:53:08: _AH_KICKLOG: PVAHR_2g3x4r5l4s3l5g
26.04.2020 23:53:08: ----END-LINE----   (12-04-2020 11-07-03 - v0260)
