19.04.2020 13:49:39: John Vazquez(76561198172058511) CLIENT OWNER ID [4], TOKEN [hjecdm2q63z3eh80y]
19.04.2020 13:53:30: John Vazquez(76561198172058511) CLIENT OWNER ID [4], TOKEN [v38iu8ye68q9lwipg]
19.04.2020 15:54:52: John Vazquez(76561198172058511) CLIENT OWNER ID [4], TOKEN [smbdic2622lliwnuz5o]
19.04.2020 16:36:27: John Vazquez(76561198172058511) CLIENT OWNER ID [4], TOKEN [af0injuq8yevpgrs5]
19.04.2020 16:38:20: John Vazquez(76561198172058511) CLIENT OWNER ID [4], TOKEN [s1rnat0l87tz0sip]
19.04.2020 16:41:30: John Vazquez(76561198172058511) CLIENT OWNER ID [4], TOKEN [ssra53gtusdk43asww]
19.04.2020 16:44:50: John Vazquez(76561198172058511) CLIENT OWNER ID [4], TOKEN [pw58iekcq1kj8ul]
19.04.2020 16:46:59: John Vazquez(76561198172058511) CLIENT OWNER ID [4], TOKEN [yw4p6jkh3h2jjwgqfu]
19.04.2020 16:49:38: John Vazquez(76561198172058511) CLIENT OWNER ID [4], TOKEN [d57nq9kdsr4r04a7g3]
19.04.2020 16:52:13: John Vazquez(76561198172058511) CLIENT OWNER ID [4], TOKEN [aq3desk7pb39ahjiqz]
19.04.2020 16:54:20: John Vazquez(76561198172058511) CLIENT OWNER ID [4], TOKEN [rchb2iwuxl7d7jg]
19.04.2020 17:01:25: John Vazquez(76561198172058511) CLIENT OWNER ID [4], TOKEN [pxj1hil5g2ge03pxfw]
19.04.2020 17:05:22: John Vazquez(76561198172058511) CLIENT OWNER ID [4], TOKEN [hnvqihgwdmr2fg76]
19.04.2020 17:10:05: John Vazquez(76561198172058511) CLIENT OWNER ID [4], TOKEN [pdj4qpgqpybmlzk]
19.04.2020 17:14:28: John Vazquez(76561198172058511) CLIENT OWNER ID [4], TOKEN [xqeclvn302no5rjvx]
19.04.2020 17:17:50: John Vazquez(76561198172058511) CLIENT OWNER ID [4], TOKEN [g7eyw0xfx6ydo0d65]
19.04.2020 17:23:11: John Vazquez(76561198172058511) CLIENT OWNER ID [4], TOKEN [gxn6xh7esrxdchs4imh]
19.04.2020 19:46:17: John Vazquez(76561198172058511) CLIENT OWNER ID [4], TOKEN [k8r53o7n0s3bro8s]
19.04.2020 19:52:57: John Vazquez(76561198172058511) CLIENT OWNER ID [4], TOKEN [tqr1l45v4x3o1mme3]
19.04.2020 20:00:41: John Vazquez(76561198172058511) CLIENT OWNER ID [4], TOKEN [amuhil1s1tmqw40qjy3]
19.04.2020 20:04:44: John Vazquez(76561198172058511) CLIENT OWNER ID [4], TOKEN [wwcfkm03fo8tlmobx]
19.04.2020 20:07:06: John Vazquez(76561198172058511) CLIENT OWNER ID [4], TOKEN [v0nldbu0xsgrczou]
19.04.2020 20:08:33: John Vazquez(76561198172058511) CLIENT OWNER ID [4], TOKEN [hwulrpu1x282f1kt]
19.04.2020 20:11:20: John Vazquez(76561198172058511) CLIENT OWNER ID [4], TOKEN [kjvchxne7d483t0]
19.04.2020 20:14:54: John Vazquez(76561198172058511) CLIENT OWNER ID [4], TOKEN [e0vi5gjhdp3qmgvod]
19.04.2020 20:17:15: John Vazquez(76561198172058511) CLIENT OWNER ID [4], TOKEN [cmuk87x8k2p4se8al]
19.04.2020 20:20:08: John Vazquez(76561198172058511) CLIENT OWNER ID [4], TOKEN [mqsl0yht6wwvwyb1]
19.04.2020 20:33:19: John Vazquez(76561198172058511) CLIENT OWNER ID [4], TOKEN [ewwptdxgehxrcu]
19.04.2020 20:35:37: John Vazquez(76561198172058511) CLIENT OWNER ID [4], TOKEN [am8rd81wu0fwuzjfx]
19.04.2020 20:42:34: John Vazquez(76561198172058511) CLIENT OWNER ID [4], TOKEN [lbgqevnvtvpnl2p]
19.04.2020 20:44:27: John Vazquez(76561198172058511) CLIENT OWNER ID [4], TOKEN [lu7bjyrh9a4df0ln9]
19.04.2020 20:47:28: John Vazquez(76561198172058511) CLIENT OWNER ID [4], TOKEN [ljfj95bvb4u8oow4m]
19.04.2020 20:49:44: John Vazquez(76561198172058511) CLIENT OWNER ID [4], TOKEN [j77nskom03jtly]
19.04.2020 20:52:38: John Vazquez(76561198172058511) CLIENT OWNER ID [4], TOKEN [pfoziq0u79lj2r4iov4]
19.04.2020 20:55:24: John Vazquez(76561198172058511) CLIENT OWNER ID [4], TOKEN [ugffjdwp15uj7cfsn3]
19.04.2020 21:02:06: John Vazquez(76561198172058511) CLIENT OWNER ID [4], TOKEN [hrt1e2pj052u54n]
19.04.2020 21:06:34: [Brg-Chef] R.Belleville(76561198345632830) CLIENT OWNER ID [5], TOKEN [lyw0i5jb0qmogjkevb]
19.04.2020 21:11:32: John Vazquez(76561198172058511) CLIENT OWNER ID [4], TOKEN [yefby3w563lkhrbo8i5]
19.04.2020 21:11:37: [Brg-Chef] R.Belleville(76561198345632830) CLIENT OWNER ID [5], TOKEN [p246n0u2huofo17fa]
19.04.2020 21:16:42: John Vazquez(76561198172058511) CLIENT OWNER ID [4], TOKEN [idk39joimwiv1gzdk]
19.04.2020 21:20:11: John Vazquez(76561198172058511) CLIENT OWNER ID [4], TOKEN [aji6ktsf45lw3v]
19.04.2020 21:22:24: John Vazquez(76561198172058511) CLIENT OWNER ID [4], TOKEN [v1a95m4gqcs37h]
19.04.2020 21:35:32: John Vazquez(76561198172058511) CLIENT OWNER ID [4], TOKEN [bhfa5m3f6nykrkq5rcb]
19.04.2020 21:42:34: John Vazquez(76561198172058511) CLIENT OWNER ID [4], TOKEN [re0z47kxn6vd54no2]
19.04.2020 21:46:44: John Vazquez(76561198172058511) CLIENT OWNER ID [4], TOKEN [tzn2jee34mtjkh38q2]
19.04.2020 22:13:17: John Vazquez(76561198172058511) CLIENT OWNER ID [4], TOKEN [e23jb5imk0fqzs]
19.04.2020 22:22:26: John Vazquez(76561198172058511) CLIENT OWNER ID [4], TOKEN [f9upj1v9uoeaug7n8wg]
