21.04.2020 00:33:36: 1h 7min | Disconnected: John Vazquez(76561198172058511 - 4) - time: 4034.64 - serverFPS: 44.8179
21.04.2020 01:46:48: infiSTAR_PlayerConnected_id: 1
21.04.2020 01:46:48: infiSTAR_PlayerDisconnected_id: 0
21.04.2020 01:49:31: 0h 3min | Connected: John Vazquez(76561198172058511 - 6) - time: 164.436 - serverFPS: 44.3213
21.04.2020 01:49:50: 0h 3min | Disconnected: John Vazquez(76561198172058511 - 6) - time: 183.498 - serverFPS: 45.4545
21.04.2020 01:51:10: infiSTAR_PlayerConnected_id: 1
21.04.2020 01:51:10: infiSTAR_PlayerDisconnected_id: 0
21.04.2020 01:52:24: 0h 1min | Connected: John Vazquez(76561198172058511 - 4) - time: 75.841 - serverFPS: 45.1977
21.04.2020 01:52:56: 0h 2min | Disconnected: John Vazquez(76561198172058511 - 4) - time: 107.629 - serverFPS: 45.4545
21.04.2020 01:53:53: #0 Connected: headlessclient(HC5432) Owner: 5
21.04.2020 01:54:37: 0h 4min | Connected: John Vazquez(76561198172058511 - 4) - time: 208.354 - serverFPS: 45.584
21.04.2020 01:56:13: 0h 5min | Disconnected: headlessclient(HC5432 - 5) - time: 303.942 - serverFPS: 45.3258
21.04.2020 01:56:16: #0 Connected: HC1(HC5432) Owner: 6
21.04.2020 01:56:21: 0h 5min | Disconnected: HC1(HC5432 - 6) - time: 312.722 - serverFPS: 45.7143
21.04.2020 01:56:25: #0 Connected: HC1(HC5432) Owner: 7
21.04.2020 01:56:26: 0h 5min | Disconnected: HC1(HC5432 - 7) - time: 317.342 - serverFPS: 45.8453
21.04.2020 01:56:29: #0 Connected: HC1(HC5432) Owner: 8
21.04.2020 01:56:30: 0h 5min | Disconnected: HC1(HC5432 - 8) - time: 321.846 - serverFPS: 45.4545
21.04.2020 01:56:34: #0 Connected: HC1(HC5432) Owner: 9
21.04.2020 01:56:51: 0h 6min | Disconnected: John Vazquez(76561198172058511 - 4) - time: 342.483 - serverFPS: 45.584
21.04.2020 01:57:47: 0h 7min | Connected: John Vazquez(76561198172058511 - 10) - time: 397.734 - serverFPS: 45.584
21.04.2020 02:24:18: 0h 33min | Disconnected: John Vazquez(76561198172058511 - 10) - time: 1988.85 - serverFPS: 45.8453
21.04.2020 02:24:42: 0h 34min | Disconnected: HC1(HC5432 - 9) - time: 2012.73 - serverFPS: 45.0704
21.04.2020 02:26:09: #0 Connected: headlessclient(HC2044) Owner: 11
21.04.2020 02:45:37: 0h 55min | Connected: John Vazquez(76561198172058511 - 10) - time: 3268.1 - serverFPS: 45.4545
21.04.2020 02:53:54: 1h 3min | Disconnected: John Vazquez(76561198172058511 - 10) - time: 3765.7 - serverFPS: 45.8453
21.04.2020 02:54:04: 1h 3min | Connected: John Vazquez(76561198172058511 - 10) - time: 3775.06 - serverFPS: 45.4545
21.04.2020 02:55:06: 1h 4min | Disconnected: John Vazquez(76561198172058511 - 10) - time: 3836.73 - serverFPS: 45.584
21.04.2020 02:55:25: 1h 4min | Connected: John Vazquez(76561198172058511 - 10) - time: 3856.62 - serverFPS: 45.584
21.04.2020 02:56:57: 1h 6min | Disconnected: John Vazquez(76561198172058511 - 10) - time: 3947.92 - serverFPS: 45.4545
21.04.2020 02:57:05: 1h 6min | Connected: John Vazquez(76561198172058511 - 10) - time: 3955.53 - serverFPS: 45.584
21.04.2020 02:57:39: 1h 7min | Disconnected: John Vazquez(76561198172058511 - 10) - time: 3989.82 - serverFPS: 45.3258
21.04.2020 02:59:48: infiSTAR_PlayerConnected_id: 1
21.04.2020 02:59:48: infiSTAR_PlayerDisconnected_id: 0
21.04.2020 03:03:54: 0h 4min | Connected: John Vazquez(76561198172058511 - 6) - time: 246.897 - serverFPS: 45.584
21.04.2020 03:07:43: 0h 8min | Disconnected: John Vazquez(76561198172058511 - 6) - time: 476.037 - serverFPS: 44.1989
21.04.2020 03:07:51: 0h 8min | Connected: John Vazquez(76561198172058511 - 6) - time: 483.749 - serverFPS: 45.1977
21.04.2020 03:08:37: #0 Connected: headlessclient(HC5012) Owner: 7
21.04.2020 03:08:49: 0h 9min | Disconnected: headlessclient(HC5012 - 7) - time: 542.299 - serverFPS: 45.4545
21.04.2020 03:08:53: #0 Connected: HC1(HC5012) Owner: 8
21.04.2020 03:08:55: 0h 9min | Disconnected: HC1(HC5012 - 8) - time: 548.497 - serverFPS: 45.4545
21.04.2020 03:08:59: #0 Connected: HC1(HC5012) Owner: 9
21.04.2020 03:10:14: infiSTAR_PlayerConnected_id: 1
21.04.2020 03:10:14: infiSTAR_PlayerDisconnected_id: 0
21.04.2020 03:10:15: #0 Connected: HC1(HC5012) Owner: 4
21.04.2020 03:20:01: 0h 10min | Connected: John Vazquez(76561198172058511 - 5) - time: 587.771 - serverFPS: 45.584
