19.04.2020 13:49:04: infiSTAR_PlayerConnected_id: 0
19.04.2020 13:49:04: infiSTAR_PlayerDisconnected_id: 0
19.04.2020 13:49:39: 0h 1min | Connected: John Vazquez(76561198172058511 - 4) - time: 35.625 - serverFPS: 44.9438
19.04.2020 13:50:08: 0h 1min | Disconnected: John Vazquez(76561198172058511 - 4) - time: 64.792 - serverFPS: 45.7143
19.04.2020 13:52:24: infiSTAR_PlayerConnected_id: 1
19.04.2020 13:52:24: infiSTAR_PlayerDisconnected_id: 0
19.04.2020 13:53:30: 0h 1min | Connected: John Vazquez(76561198172058511 - 4) - time: 67.481 - serverFPS: 45.4545
19.04.2020 15:54:23: infiSTAR_PlayerConnected_id: 1
19.04.2020 15:54:23: infiSTAR_PlayerDisconnected_id: 0
19.04.2020 15:54:52: 0h 1min | Connected: John Vazquez(76561198172058511 - 4) - time: 30.283 - serverFPS: 45.7143
19.04.2020 15:54:59: 0h 1min | Disconnected: John Vazquez(76561198172058511 - 4) - time: 36.877 - serverFPS: 45.1977
19.04.2020 16:36:12: infiSTAR_PlayerConnected_id: 1
19.04.2020 16:36:12: infiSTAR_PlayerDisconnected_id: 0
19.04.2020 16:36:27: 0h 0min | Connected: John Vazquez(76561198172058511 - 4) - time: 17.952 - serverFPS: 45.8453
19.04.2020 16:37:59: infiSTAR_PlayerConnected_id: 1
19.04.2020 16:37:59: infiSTAR_PlayerDisconnected_id: 0
19.04.2020 16:38:20: 0h 0min | Connected: John Vazquez(76561198172058511 - 4) - time: 22.778 - serverFPS: 45.4545
19.04.2020 16:41:08: infiSTAR_PlayerConnected_id: 1
19.04.2020 16:41:08: infiSTAR_PlayerDisconnected_id: 0
19.04.2020 16:41:30: 0h 0min | Connected: John Vazquez(76561198172058511 - 4) - time: 23.584 - serverFPS: 45.7143
19.04.2020 16:44:35: infiSTAR_PlayerConnected_id: 1
19.04.2020 16:44:35: infiSTAR_PlayerDisconnected_id: 0
19.04.2020 16:44:50: 0h 0min | Connected: John Vazquez(76561198172058511 - 4) - time: 15.901 - serverFPS: 45.8453
19.04.2020 16:46:36: infiSTAR_PlayerConnected_id: 1
19.04.2020 16:46:36: infiSTAR_PlayerDisconnected_id: 0
19.04.2020 16:46:59: 0h 0min | Connected: John Vazquez(76561198172058511 - 4) - time: 25.426 - serverFPS: 45.584
19.04.2020 16:49:21: infiSTAR_PlayerConnected_id: 1
19.04.2020 16:49:21: infiSTAR_PlayerDisconnected_id: 0
19.04.2020 16:49:38: 0h 0min | Connected: John Vazquez(76561198172058511 - 4) - time: 18.102 - serverFPS: 45.8453
19.04.2020 16:51:08: infiSTAR_PlayerConnected_id: 1
19.04.2020 16:51:08: infiSTAR_PlayerDisconnected_id: 0
19.04.2020 16:52:13: 0h 1min | Connected: John Vazquez(76561198172058511 - 4) - time: 65.271 - serverFPS: 45.977
19.04.2020 16:54:02: infiSTAR_PlayerConnected_id: 1
19.04.2020 16:54:02: infiSTAR_PlayerDisconnected_id: 0
19.04.2020 16:54:20: 0h 0min | Connected: John Vazquez(76561198172058511 - 4) - time: 18.731 - serverFPS: 45.8453
19.04.2020 17:01:03: infiSTAR_PlayerConnected_id: 1
19.04.2020 17:01:03: infiSTAR_PlayerDisconnected_id: 0
19.04.2020 17:01:25: 0h 0min | Connected: John Vazquez(76561198172058511 - 4) - time: 23.042 - serverFPS: 44.5682
19.04.2020 17:04:58: infiSTAR_PlayerConnected_id: 1
19.04.2020 17:04:58: infiSTAR_PlayerDisconnected_id: 0
19.04.2020 17:05:22: 0h 0min | Connected: John Vazquez(76561198172058511 - 4) - time: 25.52 - serverFPS: 44.9438
19.04.2020 17:09:36: infiSTAR_PlayerConnected_id: 1
19.04.2020 17:09:36: infiSTAR_PlayerDisconnected_id: 0
19.04.2020 17:10:05: 0h 1min | Connected: John Vazquez(76561198172058511 - 4) - time: 29.665 - serverFPS: 45.8453
19.04.2020 17:14:17: infiSTAR_PlayerConnected_id: 1
19.04.2020 17:14:17: infiSTAR_PlayerDisconnected_id: 0
19.04.2020 17:14:28: 0h 0min | Connected: John Vazquez(76561198172058511 - 4) - time: 11.787 - serverFPS: 45.584
19.04.2020 17:17:28: infiSTAR_PlayerConnected_id: 1
19.04.2020 17:17:28: infiSTAR_PlayerDisconnected_id: 0
19.04.2020 17:17:50: 0h 0min | Connected: John Vazquez(76561198172058511 - 4) - time: 23.162 - serverFPS: 45.4545
19.04.2020 17:21:43: infiSTAR_PlayerConnected_id: 1
19.04.2020 17:21:43: infiSTAR_PlayerDisconnected_id: 0
19.04.2020 17:23:11: 0h 2min | Connected: John Vazquez(76561198172058511 - 4) - time: 89.162 - serverFPS: 44.5682
19.04.2020 19:45:55: infiSTAR_PlayerConnected_id: 1
19.04.2020 19:45:55: infiSTAR_PlayerDisconnected_id: 0
19.04.2020 19:46:17: 0h 0min | Connected: John Vazquez(76561198172058511 - 4) - time: 22.74 - serverFPS: 45.3258
19.04.2020 19:52:40: infiSTAR_PlayerConnected_id: 1
19.04.2020 19:52:40: infiSTAR_PlayerDisconnected_id: 0
19.04.2020 19:52:57: 0h 0min | Connected: John Vazquez(76561198172058511 - 4) - time: 18.013 - serverFPS: 45.4545
19.04.2020 20:00:19: infiSTAR_PlayerConnected_id: 1
19.04.2020 20:00:19: infiSTAR_PlayerDisconnected_id: 0
19.04.2020 20:00:41: 0h 0min | Connected: John Vazquez(76561198172058511 - 4) - time: 22.807 - serverFPS: 45.4545
19.04.2020 20:04:33: infiSTAR_PlayerConnected_id: 1
19.04.2020 20:04:33: infiSTAR_PlayerDisconnected_id: 0
19.04.2020 20:04:44: 0h 0min | Connected: John Vazquez(76561198172058511 - 4) - time: 12.454 - serverFPS: 45.7143
19.04.2020 20:06:48: infiSTAR_PlayerConnected_id: 1
19.04.2020 20:06:48: infiSTAR_PlayerDisconnected_id: 0
19.04.2020 20:07:06: 0h 0min | Connected: John Vazquez(76561198172058511 - 4) - time: 18.642 - serverFPS: 44.0771
19.04.2020 20:08:14: 0h 2min | Disconnected: John Vazquez(76561198172058511 - 4) - time: 86.856 - serverFPS: 45.584
19.04.2020 20:08:33: 0h 2min | Connected: John Vazquez(76561198172058511 - 4) - time: 106.006 - serverFPS: 44.8179
19.04.2020 20:11:01: 0h 4min | Disconnected: John Vazquez(76561198172058511 - 4) - time: 253.444 - serverFPS: 43.7158
19.04.2020 20:11:20: 0h 5min | Connected: John Vazquez(76561198172058511 - 4) - time: 272.21 - serverFPS: 45.3258
19.04.2020 20:14:22: infiSTAR_PlayerConnected_id: 1
19.04.2020 20:14:22: infiSTAR_PlayerDisconnected_id: 0
19.04.2020 20:14:54: 0h 1min | Connected: John Vazquez(76561198172058511 - 4) - time: 34.203 - serverFPS: 45.4545
19.04.2020 20:16:48: infiSTAR_PlayerConnected_id: 1
19.04.2020 20:16:48: infiSTAR_PlayerDisconnected_id: 0
19.04.2020 20:17:15: 0h 1min | Connected: John Vazquez(76561198172058511 - 4) - time: 27.71 - serverFPS: 44.8179
19.04.2020 20:19:58: 0h 3min | Disconnected: John Vazquez(76561198172058511 - 4) - time: 190.08 - serverFPS: 44.6927
19.04.2020 20:20:08: 0h 3min | Connected: John Vazquez(76561198172058511 - 4) - time: 200.286 - serverFPS: 44.6927
19.04.2020 20:32:15: infiSTAR_PlayerConnected_id: 1
19.04.2020 20:32:15: infiSTAR_PlayerDisconnected_id: 0
19.04.2020 20:33:19: 0h 1min | Connected: John Vazquez(76561198172058511 - 4) - time: 64.019 - serverFPS: 45.4545
19.04.2020 20:35:04: infiSTAR_PlayerConnected_id: 1
19.04.2020 20:35:04: infiSTAR_PlayerDisconnected_id: 0
19.04.2020 20:35:37: 0h 1min | Connected: John Vazquez(76561198172058511 - 4) - time: 33.789 - serverFPS: 45.4545
19.04.2020 20:41:22: infiSTAR_PlayerConnected_id: 1
19.04.2020 20:41:22: infiSTAR_PlayerDisconnected_id: 0
19.04.2020 20:42:34: 0h 1min | Connected: John Vazquez(76561198172058511 - 4) - time: 72.106 - serverFPS: 45.584
19.04.2020 20:43:02: 0h 2min | Disconnected: John Vazquez(76561198172058511 - 4) - time: 100.265 - serverFPS: 45.7143
19.04.2020 20:44:27: 0h 3min | Connected: John Vazquez(76561198172058511 - 4) - time: 185.815 - serverFPS: 45.584
19.04.2020 20:46:58: 0h 6min | Disconnected: John Vazquez(76561198172058511 - 4) - time: 337.008 - serverFPS: 45.7143
19.04.2020 20:47:28: 0h 6min | Connected: John Vazquez(76561198172058511 - 4) - time: 366.117 - serverFPS: 45.3258
19.04.2020 20:49:00: infiSTAR_PlayerConnected_id: 1
19.04.2020 20:49:00: infiSTAR_PlayerDisconnected_id: 0
19.04.2020 20:49:44: 0h 1min | Connected: John Vazquez(76561198172058511 - 4) - time: 45.144 - serverFPS: 45.1977
19.04.2020 20:52:06: infiSTAR_PlayerConnected_id: 1
19.04.2020 20:52:06: infiSTAR_PlayerDisconnected_id: 0
19.04.2020 20:52:38: 0h 1min | Connected: John Vazquez(76561198172058511 - 4) - time: 33.088 - serverFPS: 45.4545
19.04.2020 20:54:32: infiSTAR_PlayerConnected_id: 1
19.04.2020 20:54:32: infiSTAR_PlayerDisconnected_id: 0
19.04.2020 20:55:24: 0h 1min | Connected: John Vazquez(76561198172058511 - 4) - time: 52.857 - serverFPS: 44.9438
19.04.2020 20:56:51: 0h 2min | Disconnected: John Vazquez(76561198172058511 - 4) - time: 139.596 - serverFPS: 45.0704
19.04.2020 21:00:56: infiSTAR_PlayerConnected_id: 1
19.04.2020 21:00:56: infiSTAR_PlayerDisconnected_id: 0
19.04.2020 21:02:06: 0h 1min | Connected: John Vazquez(76561198172058511 - 4) - time: 72.524 - serverFPS: 45.7143
19.04.2020 21:06:34: 0h 6min | Connected: [Brg-Chef] R.Belleville(76561198345632830 - 5) - time: 340.252 - serverFPS: 45.4545
19.04.2020 21:10:01: 0h 9min | Disconnected: [Brg-Chef] R.Belleville(76561198345632830 - 5) - time: 546.832 - serverFPS: 45.4545
19.04.2020 21:11:02: infiSTAR_PlayerConnected_id: 1
19.04.2020 21:11:02: infiSTAR_PlayerDisconnected_id: 0
19.04.2020 21:11:32: 0h 1min | Connected: John Vazquez(76561198172058511 - 4) - time: 30.601 - serverFPS: 44.8179
19.04.2020 21:11:37: 0h 1min | Connected: [Brg-Chef] R.Belleville(76561198345632830 - 5) - time: 35.647 - serverFPS: 45.584
19.04.2020 21:16:30: infiSTAR_PlayerConnected_id: 1
19.04.2020 21:16:30: infiSTAR_PlayerDisconnected_id: 0
19.04.2020 21:16:42: 0h 0min | Connected: John Vazquez(76561198172058511 - 4) - time: 13.182 - serverFPS: 45.3258
19.04.2020 21:19:12: infiSTAR_PlayerConnected_id: 1
19.04.2020 21:19:12: infiSTAR_PlayerDisconnected_id: 0
19.04.2020 21:20:11: 0h 1min | Connected: John Vazquez(76561198172058511 - 4) - time: 57.69 - serverFPS: 44.8179
19.04.2020 21:22:17: 0h 3min | Disconnected: John Vazquez(76561198172058511 - 4) - time: 183.803 - serverFPS: 45.584
19.04.2020 21:22:24: 0h 3min | Connected: John Vazquez(76561198172058511 - 4) - time: 191.067 - serverFPS: 44.9438
19.04.2020 21:31:16: infiSTAR_PlayerConnected_id: 1
19.04.2020 21:31:16: infiSTAR_PlayerDisconnected_id: 0
19.04.2020 21:34:20: infiSTAR_PlayerConnected_id: 1
19.04.2020 21:34:20: infiSTAR_PlayerDisconnected_id: 0
19.04.2020 21:35:32: 0h 1min | Connected: John Vazquez(76561198172058511 - 4) - time: 72.638 - serverFPS: 45.4545
19.04.2020 21:40:44: infiSTAR_PlayerConnected_id: 1
19.04.2020 21:40:44: infiSTAR_PlayerDisconnected_id: 0
19.04.2020 21:42:34: 0h 2min | Connected: John Vazquez(76561198172058511 - 4) - time: 110.817 - serverFPS: 44.5682
19.04.2020 21:46:06: 0h 5min | Disconnected: John Vazquez(76561198172058511 - 4) - time: 322.828 - serverFPS: 44.9438
19.04.2020 21:46:44: 0h 6min | Connected: John Vazquez(76561198172058511 - 4) - time: 360.627 - serverFPS: 45.4545
19.04.2020 22:12:57: infiSTAR_PlayerConnected_id: 1
19.04.2020 22:12:57: infiSTAR_PlayerDisconnected_id: 0
19.04.2020 22:13:17: 0h 0min | Connected: John Vazquez(76561198172058511 - 4) - time: 21.523 - serverFPS: 45.0704
19.04.2020 22:16:21: 0h 4min | Disconnected: John Vazquez(76561198172058511 - 4) - time: 205.947 - serverFPS: 45.4545
19.04.2020 22:22:26: 0h 10min | Connected: John Vazquez(76561198172058511 - 4) - time: 571.321 - serverFPS: 45.4545
19.04.2020 22:22:45: 0h 10min | Disconnected: John Vazquez(76561198172058511 - 4) - time: 590.016 - serverFPS: 45.584
