25.04.2020 02:03:37: <infiSTAR.de> _fnc_RandomGen: {
_fnc_actualGen = {
_abc = ['z','y','x','w','v','u','t','s','r','q','p','o','n','m','l','k','j','i','h','g','f','e','d','c','b','a'];
_gen = _abc select (random ((count _abc)-1));
_arr = ['a','b','8','9','c','7','e','a','f','3','1','0','a','d','2','2','f','d','e','c','0','5','1','d','a','e','7','c','8','9','0'];
_randmax = {((round(random _randminval)) + (round(random _randmaxval))) max _randminval};
for '_i' from 0 to (call _randmax)do
{
_gen = _gen + str(round(random 9)) + (_arr select (random ((count _arr)-1)));
};
};
_gen = '';
while{_gen=='' || _gen in _allRandomGenVars}do{
call _fnc_actualGen;
};
_allRandomGenVars pushBack _gen;
_gen
}
25.04.2020 02:03:37: ----START-LINE----   (12-04-2020 11-07-03 - v0260)
25.04.2020 02:03:37: _adminbox: h50485e8f7b6a32102d3a5b40378f2b2e
25.04.2020 02:03:37: _fnc_mpPackets: f20576d20383c212d4e
25.04.2020 02:03:37: _FNC_AH_KICKLOG: i858015228a613e195c2d92418d7a672c6e7f5081
25.04.2020 02:03:37: _FNC_AH_KICKLOGSPAWN: y3c290a502779239e7f787a536d21793a7a5783596e52496551
25.04.2020 02:03:37: _FNC_PVAH_AdminReq: c0c1f511c4b0747252e3b111a0c3d52977b302848
25.04.2020 02:03:37: _token_by_uid: w6a8f9e721e4e1d2e788a285d6f7091478e
25.04.2020 02:03:37: _uid_by_token: d8a721589128e711d3752
25.04.2020 02:03:37: _server_setTokenR: c1a4d4718891a395050628f1942
25.04.2020 02:03:37: _YourPlayerToken: c152c42701d62771e1130619b136e6378114c3c2c588f70
25.04.2020 02:03:37: _TokenCT: x4e3f0e4d2c5e772d2c5011877568707d4e6d
25.04.2020 02:03:37: _AH_MAIN_BLOCK: r57081a5a7861915a6e0f3338307f4d6a0f882e21200d
25.04.2020 02:03:37: _AHKickOFF: g2858259e6e7e7d7f880d3125
25.04.2020 02:03:37: _AHKickLog: f287a7e40877c503e80284e307d03405c
25.04.2020 02:03:37: _clientdo: g0d70699b1c2937105a
25.04.2020 02:03:37: _AH_RunCheckENDVAR: x4c7f6c3e9e605c67598d3f
25.04.2020 02:03:37: _AH_RunCheckENDVAR_THREAD: x430c1f9c4d37490f3f
25.04.2020 02:03:37: _AH_HackLogArrayRND: i9b17412e776d3d13320c2a
25.04.2020 02:03:37: _AH_SurvLogArrayRND: p0923297353219762889f13581a0068
25.04.2020 02:03:37: _AH_AdmiLogArrayRND: b4d5d6b7a7e728c1e19
25.04.2020 02:03:37: _TMPBAN: c6b3c5801996a3e45198e7c
25.04.2020 02:03:37: _massMessage: w77603e89838a712e188875685e
25.04.2020 02:03:37: _massSysMessage: m7d583843308c693e101d1c192e
25.04.2020 02:03:37: _AHpos: d6e2f4d7b884d39515d520b4e1a407a18
25.04.2020 02:03:37: _ninetwo: i411c270c59238a271978786d109a158590
25.04.2020 02:03:37: _ninetwothread: s7d4f7f8a4c50675e494a317a8e51423d4252
25.04.2020 02:03:37: _adminsA: y212d3b7c5f4c3f9e258a319a6c67
25.04.2020 02:03:37: _MC: n5f43307d7d88080d484d2f4f3829107b280c92
25.04.2020 02:03:37: _MCS: a8a7a5195455c9289124c9d901e298f4d7c5d
25.04.2020 02:03:38: _checkidicheckcheck: w3e0d0e4203039d025c
25.04.2020 02:03:38: _lastshotmade: p6d3162026a5c49698f2c
25.04.2020 02:03:38: <infiSTAR.de> _fnc_RandomGen: {
_fnc_actualGen = {
_abc = ['z','y','x','w','v','u','t','s','r','q','p','o','n','m','l','k','j','i','h','g','f','e','d','c','b','a'];
_gen = _abc select (random ((count _abc)-1));
_arr = ['a','b','8','9','c','7','e','a','f','3','1','0','a','d','2','2','f','d','e','c','0','5','1','d','a','e','7','c','8','9','0'];
_randmax = {((round(random _randminval)) + (round(random _randmaxval))) max _randminval};
for '_i' from 0 to (call _randmax)do
{
_gen = _gen + str(round(random 9)) + (_arr select (random ((count _arr)-1)));
};
};
_gen = '';
while{_gen=='' || _gen in _allRandomGenVars}do{
call _fnc_actualGen;
};
_allRandomGenVars pushBack _gen;
_gen
}
25.04.2020 02:03:38: ----START-LINE----   (12-04-2020 11-07-03 - v0260)
25.04.2020 02:03:38: _adminbox: h50485e8f7b6a32102d3a5b40378f2b2e
25.04.2020 02:03:38: _fnc_mpPackets: f20576d20383c212d4e
25.04.2020 02:03:38: _FNC_AH_KICKLOG: i858015228a613e195c2d92418d7a672c6e7f5081
25.04.2020 02:03:38: _FNC_AH_KICKLOGSPAWN: y3c290a502779239e7f787a536d21793a7a5783596e52496551
25.04.2020 02:03:38: _FNC_PVAH_AdminReq: c0c1f511c4b0747252e3b111a0c3d52977b302848
25.04.2020 02:03:38: _token_by_uid: w6a8f9e721e4e1d2e788a285d6f7091478e
25.04.2020 02:03:38: _uid_by_token: d8a721589128e711d3752
25.04.2020 02:03:38: _server_setTokenR: c1a4d4718891a395050628f1942
25.04.2020 02:03:38: _YourPlayerToken: c152c42701d62771e1130619b136e6378114c3c2c588f70
25.04.2020 02:03:38: _TokenCT: x4e3f0e4d2c5e772d2c5011877568707d4e6d
25.04.2020 02:03:38: _AH_MAIN_BLOCK: r57081a5a7861915a6e0f3338307f4d6a0f882e21200d
25.04.2020 02:03:38: _AHKickOFF: g2858259e6e7e7d7f880d3125
25.04.2020 02:03:38: _AHKickLog: f287a7e40877c503e80284e307d03405c
25.04.2020 02:03:38: _clientdo: g0d70699b1c2937105a
25.04.2020 02:03:38: _AH_RunCheckENDVAR: x4c7f6c3e9e605c67598d3f
25.04.2020 02:03:38: _AH_RunCheckENDVAR_THREAD: x430c1f9c4d37490f3f
25.04.2020 02:03:38: _AH_HackLogArrayRND: i9b17412e776d3d13320c2a
25.04.2020 02:03:38: _AH_SurvLogArrayRND: p0923297353219762889f13581a0068
25.04.2020 02:03:38: _AH_AdmiLogArrayRND: b4d5d6b7a7e728c1e19
25.04.2020 02:03:38: _TMPBAN: c6b3c5801996a3e45198e7c
25.04.2020 02:03:38: _massMessage: w77603e89838a712e188875685e
25.04.2020 02:03:38: _massSysMessage: m7d583843308c693e101d1c192e
25.04.2020 02:03:38: _AHpos: d6e2f4d7b884d39515d520b4e1a407a18
25.04.2020 02:03:38: _ninetwo: i411c270c59238a271978786d109a158590
25.04.2020 02:03:38: _ninetwothread: s7d4f7f8a4c50675e494a317a8e51423d4252
25.04.2020 02:03:38: _adminsA: y212d3b7c5f4c3f9e258a319a6c67
25.04.2020 02:03:38: _MC: n5f43307d7d88080d484d2f4f3829107b280c92
25.04.2020 02:03:38: _MCS: a8a7a5195455c9289124c9d901e298f4d7c5d
25.04.2020 02:03:38: _checkidicheckcheck: w3e0d0e4203039d025c
25.04.2020 02:03:38: _lastshotmade: p6d3162026a5c49698f2c
25.04.2020 02:03:38: _dellocveh: a597181528c6f521a1f2e457a924a9a
25.04.2020 02:03:38: _inCombatTime: q587d2a5c6e6c304a6e7567096033595e018b3a
25.04.2020 02:03:38: _inCombatArray: l3b982861800d455d1d2a0c7f227f9c7d173e
25.04.2020 02:03:38: _fnc_infiKeyHandler: x4d1f92433e2e571e1b
25.04.2020 02:03:38: _vehicle_needs_check: y53712c037872389c286e224f4e30
25.04.2020 02:03:38: _MAKE_VAR_DUMP_RANDOM: t6a6f2c685f3e6d6a6c55694e206c70718b
25.04.2020 02:03:38: _MAKE_VAR_DUMP_CLIENT: u524a982a8d62876860425e89621d69913f3d
25.04.2020 02:03:38: _DUMPINGPLAYERUIDARRAY: k5f1e7e304e935c480c41771d
25.04.2020 02:03:38: _CURRENTLYDUMPING: o4c152c228a5e5a278a657f65581a3e6e3e1375
25.04.2020 02:03:38: _antiantihack_rndvar: h42485d3f6d584d0f6e
25.04.2020 02:03:38: _name_by_uid: q475e4c40089d0f805f717a38196f2c
25.04.2020 02:03:38: _owner_by_uid: j5a7e102e1e5b70884f4e488b071b826a897a2f884c9d
25.04.2020 02:03:38: _customcommandingMenu: r7a7e20131741590948
25.04.2020 02:03:38: _customcommandingMenuOpen: n0c702c6a7e9f8e2f0c893d492b7c1c4c4a50
25.04.2020 02:03:38: _AH_KICKLOG: PVAHR_8o5g7g3c6w8c2f
25.04.2020 02:03:38: ----END-LINE----   (12-04-2020 11-07-03 - v0260)
25.04.2020 02:31:02: <infiSTAR.de> _fnc_RandomGen: {
_fnc_actualGen = {
_abc = ['z','y','x','w','v','u','t','s','r','q','p','o','n','m','l','k','j','i','h','g','f','e','d','c','b','a'];
_gen = _abc select (random ((count _abc)-1));
_arr = ['a','b','8','9','c','7','e','a','f','3','1','0','a','d','2','2','f','d','e','c','0','5','1','d','a','e','7','c','8','9','0'];
_randmax = {((round(random _randminval)) + (round(random _randmaxval))) max _randminval};
for '_i' from 0 to (call _randmax)do
{
_gen = _gen + str(round(random 9)) + (_arr select (random ((count _arr)-1)));
};
};
_gen = '';
while{_gen=='' || _gen in _allRandomGenVars}do{
call _fnc_actualGen;
};
_allRandomGenVars pushBack _gen;
_gen
}
25.04.2020 02:31:02: ----START-LINE----   (12-04-2020 11-07-03 - v0260)
25.04.2020 02:31:02: _adminbox: g3c7c8a3c7e228e5e9927
25.04.2020 02:31:02: _fnc_mpPackets: m836b7a2865411152883e282a2e481a3771
25.04.2020 02:31:02: _FNC_AH_KICKLOG: z8a7e414f422195722d6f90757e7f
25.04.2020 02:31:02: _FNC_AH_KICKLOGSPAWN: x1f7c2e972a8a915980
25.04.2020 02:31:02: _FNC_PVAH_AdminReq: i876a707e701c483e1d
25.04.2020 02:31:02: _token_by_uid: i2e781c2f3a686c1d1c617f4c30374e7d3f4c022868212a
25.04.2020 02:31:03: _uid_by_token: v1137682e0a01514d488a
25.04.2020 02:31:03: _server_setTokenR: h6879714280871a302d8c0d3c1c5e488d122f9d
25.04.2020 02:31:03: _YourPlayerToken: p8e8e80526d595d0c8e4d628d408b8a691c2242
25.04.2020 02:31:03: _TokenCT: u7e2c778d1209882a1a22035c153c4a3d9d90
25.04.2020 02:31:03: _AH_MAIN_BLOCK: g5a124e486c43694a6e58393e5a8a2e6e6d4d3c
25.04.2020 02:31:03: _AHKickOFF: p333c8d6c11183c5733209e2a8a753d7e49
25.04.2020 02:31:03: _AHKickLog: f472388102a473e3d70814d1c704c50
25.04.2020 02:31:03: _clientdo: k7921623d6a1e2d0c9e855d8b42
25.04.2020 02:31:03: _AH_RunCheckENDVAR: j5e7720224a30401d4d6d5c28
25.04.2020 02:31:03: _AH_RunCheckENDVAR_THREAD: w7d3c6c216b9a125d07917e2d83
25.04.2020 02:31:03: _AH_HackLogArrayRND: x190f19711a2d293f77813f117f
25.04.2020 02:31:03: _AH_SurvLogArrayRND: d524a3c8343427f4d5f1b5b424d302a6c8c3c8a
25.04.2020 02:31:03: _AH_AdmiLogArrayRND: v87818d4f2e224d191a2f
25.04.2020 02:31:03: _TMPBAN: r092e0c280b8a99576e9745182057
25.04.2020 02:31:03: _massMessage: v7a3c3e8002753e426d5d079d589e256a3e5a5d293e7c88
25.04.2020 02:31:03: _massSysMessage: q5219537c899d8a2318216a1a
25.04.2020 02:31:03: _AHpos: i4191804e122a703c5f
25.04.2020 02:31:03: _ninetwo: g4a8d45494b6285677b829e7d1531596f2f6f
25.04.2020 02:31:03: _ninetwothread: h5942702e05530e173d
25.04.2020 02:31:03: _adminsA: r9f1c6a8d025e7c31712e68
25.04.2020 02:31:03: _MC: b1a7a383e520b5d984d
25.04.2020 02:31:03: _MCS: i6a3a5e483d520a4d77
25.04.2020 02:31:03: _checkidicheckcheck: o5a0331022d0e4e22650062
25.04.2020 02:31:03: _lastshotmade: k5799926a7f9a0e3c2a738d
25.04.2020 02:31:03: <infiSTAR.de> _fnc_RandomGen: {
_fnc_actualGen = {
_abc = ['z','y','x','w','v','u','t','s','r','q','p','o','n','m','l','k','j','i','h','g','f','e','d','c','b','a'];
_gen = _abc select (random ((count _abc)-1));
_arr = ['a','b','8','9','c','7','e','a','f','3','1','0','a','d','2','2','f','d','e','c','0','5','1','d','a','e','7','c','8','9','0'];
_randmax = {((round(random _randminval)) + (round(random _randmaxval))) max _randminval};
for '_i' from 0 to (call _randmax)do
{
_gen = _gen + str(round(random 9)) + (_arr select (random ((count _arr)-1)));
};
};
_gen = '';
while{_gen=='' || _gen in _allRandomGenVars}do{
call _fnc_actualGen;
};
_allRandomGenVars pushBack _gen;
_gen
}
25.04.2020 02:31:03: ----START-LINE----   (12-04-2020 11-07-03 - v0260)
25.04.2020 02:31:03: _adminbox: g3c7c8a3c7e228e5e9927
25.04.2020 02:31:03: _fnc_mpPackets: m836b7a2865411152883e282a2e481a3771
25.04.2020 02:31:03: _FNC_AH_KICKLOG: z8a7e414f422195722d6f90757e7f
25.04.2020 02:31:03: _FNC_AH_KICKLOGSPAWN: x1f7c2e972a8a915980
25.04.2020 02:31:03: _FNC_PVAH_AdminReq: i876a707e701c483e1d
25.04.2020 02:31:03: _token_by_uid: i2e781c2f3a686c1d1c617f4c30374e7d3f4c022868212a
25.04.2020 02:31:03: _uid_by_token: v1137682e0a01514d488a
25.04.2020 02:31:03: _server_setTokenR: h6879714280871a302d8c0d3c1c5e488d122f9d
25.04.2020 02:31:03: _YourPlayerToken: p8e8e80526d595d0c8e4d628d408b8a691c2242
25.04.2020 02:31:03: _TokenCT: u7e2c778d1209882a1a22035c153c4a3d9d90
25.04.2020 02:31:03: _AH_MAIN_BLOCK: g5a124e486c43694a6e58393e5a8a2e6e6d4d3c
25.04.2020 02:31:03: _AHKickOFF: p333c8d6c11183c5733209e2a8a753d7e49
25.04.2020 02:31:03: _AHKickLog: f472388102a473e3d70814d1c704c50
25.04.2020 02:31:03: _clientdo: k7921623d6a1e2d0c9e855d8b42
25.04.2020 02:31:03: _AH_RunCheckENDVAR: j5e7720224a30401d4d6d5c28
25.04.2020 02:31:03: _AH_RunCheckENDVAR_THREAD: w7d3c6c216b9a125d07917e2d83
25.04.2020 02:31:03: _AH_HackLogArrayRND: x190f19711a2d293f77813f117f
25.04.2020 02:31:03: _AH_SurvLogArrayRND: d524a3c8343427f4d5f1b5b424d302a6c8c3c8a
25.04.2020 02:31:03: _AH_AdmiLogArrayRND: v87818d4f2e224d191a2f
25.04.2020 02:31:03: _TMPBAN: r092e0c280b8a99576e9745182057
25.04.2020 02:31:03: _massMessage: v7a3c3e8002753e426d5d079d589e256a3e5a5d293e7c88
25.04.2020 02:31:03: _massSysMessage: q5219537c899d8a2318216a1a
25.04.2020 02:31:03: _AHpos: i4191804e122a703c5f
25.04.2020 02:31:03: _ninetwo: g4a8d45494b6285677b829e7d1531596f2f6f
25.04.2020 02:31:03: _ninetwothread: h5942702e05530e173d
25.04.2020 02:31:03: _adminsA: r9f1c6a8d025e7c31712e68
25.04.2020 02:31:03: _MC: b1a7a383e520b5d984d
25.04.2020 02:31:03: _MCS: i6a3a5e483d520a4d77
25.04.2020 02:31:03: _checkidicheckcheck: o5a0331022d0e4e22650062
25.04.2020 02:31:03: _lastshotmade: k5799926a7f9a0e3c2a738d
25.04.2020 02:31:03: _dellocveh: p3b2a286375681a4013
25.04.2020 02:31:03: _inCombatTime: g413a8c604b2c8a0348883a6775
25.04.2020 02:31:03: _inCombatArray: x3d986a319a89806e890327
25.04.2020 02:31:03: _fnc_infiKeyHandler: f8c8c9b6e97399e21707f75579013412a2f6178117a3221
25.04.2020 02:31:03: _vehicle_needs_check: l304e7899876c673125314a8f5050
25.04.2020 02:31:03: _MAKE_VAR_DUMP_RANDOM: w3e3d6d13827e316e1a
25.04.2020 02:31:03: _MAKE_VAR_DUMP_CLIENT: i6f580c4c9967216d6a4d4b2e9e7c1b1e1a60
25.04.2020 02:31:03: _DUMPINGPLAYERUIDARRAY: b9e58108d49607c7e6e
25.04.2020 02:31:03: _CURRENTLYDUMPING: f48828a4f2e203f0c2f5f85688c51605a0d077d5d91
25.04.2020 02:31:03: _antiantihack_rndvar: n1f404b450e1d8d6d71807e194a606762503237
25.04.2020 02:31:03: _name_by_uid: w5e636f3e43121a252909
25.04.2020 02:31:03: _owner_by_uid: s6122572a2281332250
25.04.2020 02:31:03: _customcommandingMenu: m50985c6881529f5527
25.04.2020 02:31:03: _customcommandingMenuOpen: f8923391a0558184b474c5c
25.04.2020 02:31:03: _AH_KICKLOG: PVAHR_7t2f3y0x4u8v
25.04.2020 02:31:03: ----END-LINE----   (12-04-2020 11-07-03 - v0260)
25.04.2020 02:33:52: <infiSTAR.de> _fnc_RandomGen: {
_fnc_actualGen = {
_abc = ['z','y','x','w','v','u','t','s','r','q','p','o','n','m','l','k','j','i','h','g','f','e','d','c','b','a'];
_gen = _abc select (random ((count _abc)-1));
_arr = ['a','b','8','9','c','7','e','a','f','3','1','0','a','d','2','2','f','d','e','c','0','5','1','d','a','e','7','c','8','9','0'];
_randmax = {((round(random _randminval)) + (round(random _randmaxval))) max _randminval};
for '_i' from 0 to (call _randmax)do
{
_gen = _gen + str(round(random 9)) + (_arr select (random ((count _arr)-1)));
};
};
_gen = '';
while{_gen=='' || _gen in _allRandomGenVars}do{
call _fnc_actualGen;
};
_allRandomGenVars pushBack _gen;
_gen
}
25.04.2020 02:33:53: ----START-LINE----   (12-04-2020 11-07-03 - v0260)
25.04.2020 02:33:53: _adminbox: b21797e584b9a603f2b2132358f7a59877f519e79
25.04.2020 02:33:53: _fnc_mpPackets: m626149137a8f307a5e724a2f
25.04.2020 02:33:53: _FNC_AH_KICKLOG: m605b2f596d7e5a5860
25.04.2020 02:33:53: _FNC_AH_KICKLOGSPAWN: t728a6f5e5c18804c7a603e6a7d
25.04.2020 02:33:53: _FNC_PVAH_AdminReq: q0d1d1a4f87879f896e3c706d111769772c015e19
25.04.2020 02:33:53: _token_by_uid: i97904d7089526d6f2a
25.04.2020 02:33:53: _uid_by_token: w9122323c89528d7d3a0d751c421e9a72
25.04.2020 02:33:53: _server_setTokenR: g0d9d714a3f8a7a72813f176e29724d713e
25.04.2020 02:33:53: _YourPlayerToken: y6f52313c5a7d6c1a371c3d7c1539528965
25.04.2020 02:33:53: _TokenCT: y0157507187724c2e4a92588c935840279b10
25.04.2020 02:33:53: _AH_MAIN_BLOCK: w10381f830d8b2a987f
25.04.2020 02:33:53: _AHKickOFF: n6e0e2c995d222e4f68
25.04.2020 02:33:53: _AHKickLog: o4e7c8d484c09858c877e281d0c352e603b4d329e7a
25.04.2020 02:33:53: _clientdo: b338c6f6e40208d0341107f309f857c5b3a102059
25.04.2020 02:33:53: _AH_RunCheckENDVAR: x7e20105c0d596c1080825a627a6278
25.04.2020 02:33:53: _AH_RunCheckENDVAR_THREAD: h1c0d2d72614a125d4969250d21236d6791674d410e3022
25.04.2020 02:33:53: _AH_HackLogArrayRND: e89389f2f3a5a4a490d
25.04.2020 02:33:53: _AH_SurvLogArrayRND: v0c574b1d8a6f8a797c
25.04.2020 02:33:53: _AH_AdmiLogArrayRND: m6c6087816b78173f521c
25.04.2020 02:33:53: _TMPBAN: y321c69406c600a2a1e3e
25.04.2020 02:33:53: _massMessage: m2e424d20303788878f
25.04.2020 02:33:53: _massSysMessage: l1b2c5b4c005e8a2f71416c78274a
25.04.2020 02:33:53: _AHpos: p3d3c4d8e107a9a733a
25.04.2020 02:33:53: _ninetwo: j670e3a585a1c8a8c79
25.04.2020 02:33:53: _ninetwothread: u854133523e1f5b482c7d4e
25.04.2020 02:33:53: _adminsA: e6a383928704c173c2c
25.04.2020 02:33:53: _MC: q4c2d327a6c905299392f
25.04.2020 02:33:53: _MCS: r851d5a81531082601741
25.04.2020 02:33:53: _checkidicheckcheck: g6153894a893e955a3b
25.04.2020 02:33:53: _lastshotmade: n7d7e6d8c4d1c114f552d8c63274977322d7a8a
25.04.2020 02:33:53: <infiSTAR.de> _fnc_RandomGen: {
_fnc_actualGen = {
_abc = ['z','y','x','w','v','u','t','s','r','q','p','o','n','m','l','k','j','i','h','g','f','e','d','c','b','a'];
_gen = _abc select (random ((count _abc)-1));
_arr = ['a','b','8','9','c','7','e','a','f','3','1','0','a','d','2','2','f','d','e','c','0','5','1','d','a','e','7','c','8','9','0'];
_randmax = {((round(random _randminval)) + (round(random _randmaxval))) max _randminval};
for '_i' from 0 to (call _randmax)do
{
_gen = _gen + str(round(random 9)) + (_arr select (random ((count _arr)-1)));
};
};
_gen = '';
while{_gen=='' || _gen in _allRandomGenVars}do{
call _fnc_actualGen;
};
_allRandomGenVars pushBack _gen;
_gen
}
25.04.2020 02:33:53: ----START-LINE----   (12-04-2020 11-07-03 - v0260)
25.04.2020 02:33:53: _adminbox: b21797e584b9a603f2b2132358f7a59877f519e79
25.04.2020 02:33:53: _fnc_mpPackets: m626149137a8f307a5e724a2f
25.04.2020 02:33:53: _FNC_AH_KICKLOG: m605b2f596d7e5a5860
25.04.2020 02:33:53: _FNC_AH_KICKLOGSPAWN: t728a6f5e5c18804c7a603e6a7d
25.04.2020 02:33:53: _FNC_PVAH_AdminReq: q0d1d1a4f87879f896e3c706d111769772c015e19
25.04.2020 02:33:53: _token_by_uid: i97904d7089526d6f2a
25.04.2020 02:33:53: _uid_by_token: w9122323c89528d7d3a0d751c421e9a72
25.04.2020 02:33:53: _server_setTokenR: g0d9d714a3f8a7a72813f176e29724d713e
25.04.2020 02:33:53: _YourPlayerToken: y6f52313c5a7d6c1a371c3d7c1539528965
25.04.2020 02:33:53: _TokenCT: y0157507187724c2e4a92588c935840279b10
25.04.2020 02:33:53: _AH_MAIN_BLOCK: w10381f830d8b2a987f
25.04.2020 02:33:53: _AHKickOFF: n6e0e2c995d222e4f68
25.04.2020 02:33:53: _AHKickLog: o4e7c8d484c09858c877e281d0c352e603b4d329e7a
25.04.2020 02:33:53: _clientdo: b338c6f6e40208d0341107f309f857c5b3a102059
25.04.2020 02:33:53: _AH_RunCheckENDVAR: x7e20105c0d596c1080825a627a6278
25.04.2020 02:33:53: _AH_RunCheckENDVAR_THREAD: h1c0d2d72614a125d4969250d21236d6791674d410e3022
25.04.2020 02:33:53: _AH_HackLogArrayRND: e89389f2f3a5a4a490d
25.04.2020 02:33:53: _AH_SurvLogArrayRND: v0c574b1d8a6f8a797c
25.04.2020 02:33:53: _AH_AdmiLogArrayRND: m6c6087816b78173f521c
25.04.2020 02:33:53: _TMPBAN: y321c69406c600a2a1e3e
25.04.2020 02:33:53: _massMessage: m2e424d20303788878f
25.04.2020 02:33:53: _massSysMessage: l1b2c5b4c005e8a2f71416c78274a
25.04.2020 02:33:53: _AHpos: p3d3c4d8e107a9a733a
25.04.2020 02:33:53: _ninetwo: j670e3a585a1c8a8c79
25.04.2020 02:33:53: _ninetwothread: u854133523e1f5b482c7d4e
25.04.2020 02:33:53: _adminsA: e6a383928704c173c2c
25.04.2020 02:33:53: _MC: q4c2d327a6c905299392f
25.04.2020 02:33:53: _MCS: r851d5a81531082601741
25.04.2020 02:33:53: _checkidicheckcheck: g6153894a893e955a3b
25.04.2020 02:33:53: _lastshotmade: n7d7e6d8c4d1c114f552d8c63274977322d7a8a
25.04.2020 02:33:53: _dellocveh: z684a4c308500300e2c3a43383d58
25.04.2020 02:33:53: _inCombatTime: m4007507848624f3751
25.04.2020 02:33:53: _inCombatArray: x19413a254082276e3c
25.04.2020 02:33:53: _fnc_infiKeyHandler: t6b3c72713048225d1f5c0c29
25.04.2020 02:33:53: _vehicle_needs_check: h687a850a69278d787b724a89198c
25.04.2020 02:33:53: _MAKE_VAR_DUMP_RANDOM: a51236e3e3a2f723d47
25.04.2020 02:33:53: _MAKE_VAR_DUMP_CLIENT: a795a5a834d8e1a958e8b570d62
25.04.2020 02:33:53: _DUMPINGPLAYERUIDARRAY: h4c375a3d5f0e596a3c
25.04.2020 02:33:53: _CURRENTLYDUMPING: x8f3852175c657e7e4c2e9d4e6280578c3c3a58
25.04.2020 02:33:53: _antiantihack_rndvar: n621711698e1a5d011a670b3c3d
25.04.2020 02:33:53: _name_by_uid: m9f457e5149512e6b99
25.04.2020 02:33:53: _owner_by_uid: w594a788d1f27523a204a7c2e7f47794e
25.04.2020 02:33:53: _customcommandingMenu: m8017386e81932a7f2a6f3a590c318a873d2f
25.04.2020 02:33:53: _customcommandingMenuOpen: i81003a6a43336d4f4317675c08305a
25.04.2020 02:33:53: _AH_KICKLOG: PVAHR_5c1j2r3y4j1o
25.04.2020 02:33:53: ----END-LINE----   (12-04-2020 11-07-03 - v0260)
25.04.2020 02:38:47: <infiSTAR.de> _fnc_RandomGen: {
_fnc_actualGen = {
_abc = ['z','y','x','w','v','u','t','s','r','q','p','o','n','m','l','k','j','i','h','g','f','e','d','c','b','a'];
_gen = _abc select (random ((count _abc)-1));
_arr = ['a','b','8','9','c','7','e','a','f','3','1','0','a','d','2','2','f','d','e','c','0','5','1','d','a','e','7','c','8','9','0'];
_randmax = {((round(random _randminval)) + (round(random _randmaxval))) max _randminval};
for '_i' from 0 to (call _randmax)do
{
_gen = _gen + str(round(random 9)) + (_arr select (random ((count _arr)-1)));
};
};
_gen = '';
while{_gen=='' || _gen in _allRandomGenVars}do{
call _fnc_actualGen;
};
_allRandomGenVars pushBack _gen;
_gen
}
25.04.2020 02:38:47: ----START-LINE----   (12-04-2020 11-07-03 - v0260)
25.04.2020 02:38:47: _adminbox: j5e4a77571e6a2a755b0729725a496b58377c174c3c2f
25.04.2020 02:38:47: _fnc_mpPackets: q4031479048287e9d1d2e57676a40209d6d51
25.04.2020 02:38:47: _FNC_AH_KICKLOG: f5b380d11709d8a8e37
25.04.2020 02:38:47: _FNC_AH_KICKLOGSPAWN: p8f11114f153e1c874b1a8d3e1e320a2c1d317d
25.04.2020 02:38:47: _FNC_PVAH_AdminReq: n6a303968207f7a6a4d095c4e6c916d8c42
25.04.2020 02:38:47: _token_by_uid: k8a4f186029429c388c9c304d8f8f1e5a4a41
25.04.2020 02:38:47: _uid_by_token: i6d514a272a8c6a4d735537
25.04.2020 02:38:47: _server_setTokenR: v1f5a5a895a779e3f22552380319d33007c87
25.04.2020 02:38:47: _YourPlayerToken: a9753604f6c2a175d505065
25.04.2020 02:38:47: _TokenCT: u62254e2a6c69370a2c8e0a5e916f488f001a1a3e571121
25.04.2020 02:38:47: _AH_MAIN_BLOCK: x1a893d2e711f808589404a6f
25.04.2020 02:38:47: _AHKickOFF: n5f2e6e611a6c50905d7e77753c
25.04.2020 02:38:47: _AHKickLog: a4a503a277a804151523f09
25.04.2020 02:38:47: _clientdo: q2e3d4f627c5710779f
25.04.2020 02:38:47: _AH_RunCheckENDVAR: n073d7d223a9540877b6a673715822c6272829a7f
25.04.2020 02:38:47: _AH_RunCheckENDVAR_THREAD: v5082225e678d1a2130
25.04.2020 02:38:47: _AH_HackLogArrayRND: o3d2d2330472f0e675c
25.04.2020 02:38:47: _AH_SurvLogArrayRND: w724e5e4d1a153c1a776a3d3b001e301e5a5123
25.04.2020 02:38:47: _AH_AdmiLogArrayRND: x9c121c6b206a2e2e12
25.04.2020 02:38:47: _TMPBAN: u7c0179405a3552906f72
25.04.2020 02:38:47: _massMessage: x7a705b5039781c32409f2f507171795d7e
25.04.2020 02:38:47: _massSysMessage: u7b5c1d1d39671f6c5c
25.04.2020 02:38:47: _AHpos: j60397d6e581c5e3c591c9a73401f182a684c5f2d
25.04.2020 02:38:47: _ninetwo: d094e817a803e12525f3c301e5f611c2988556c4e5e1e5f
25.04.2020 02:38:47: _ninetwothread: g619a8e2f222d5d21377827892d883a803f1d891e89
25.04.2020 02:38:47: _adminsA: q4b632e4d1a28385c7249911e70212a77711c60711c6a073c
25.04.2020 02:38:47: _MC: g32202a8c7d68287d82
25.04.2020 02:38:47: <infiSTAR.de> _fnc_RandomGen: {
_fnc_actualGen = {
_abc = ['z','y','x','w','v','u','t','s','r','q','p','o','n','m','l','k','j','i','h','g','f','e','d','c','b','a'];
_gen = _abc select (random ((count _abc)-1));
_arr = ['a','b','8','9','c','7','e','a','f','3','1','0','a','d','2','2','f','d','e','c','0','5','1','d','a','e','7','c','8','9','0'];
_randmax = {((round(random _randminval)) + (round(random _randmaxval))) max _randminval};
for '_i' from 0 to (call _randmax)do
{
_gen = _gen + str(round(random 9)) + (_arr select (random ((count _arr)-1)));
};
};
_gen = '';
while{_gen=='' || _gen in _allRandomGenVars}do{
call _fnc_actualGen;
};
_allRandomGenVars pushBack _gen;
_gen
}
25.04.2020 02:38:47: ----START-LINE----   (12-04-2020 11-07-03 - v0260)
25.04.2020 02:38:47: _adminbox: j5e4a77571e6a2a755b0729725a496b58377c174c3c2f
25.04.2020 02:38:47: _fnc_mpPackets: q4031479048287e9d1d2e57676a40209d6d51
25.04.2020 02:38:47: _FNC_AH_KICKLOG: f5b380d11709d8a8e37
25.04.2020 02:38:47: _FNC_AH_KICKLOGSPAWN: p8f11114f153e1c874b1a8d3e1e320a2c1d317d
25.04.2020 02:38:47: _FNC_PVAH_AdminReq: n6a303968207f7a6a4d095c4e6c916d8c42
25.04.2020 02:38:47: _token_by_uid: k8a4f186029429c388c9c304d8f8f1e5a4a41
25.04.2020 02:38:47: _uid_by_token: i6d514a272a8c6a4d735537
25.04.2020 02:38:47: _server_setTokenR: v1f5a5a895a779e3f22552380319d33007c87
25.04.2020 02:38:47: _YourPlayerToken: a9753604f6c2a175d505065
25.04.2020 02:38:47: _TokenCT: u62254e2a6c69370a2c8e0a5e916f488f001a1a3e571121
25.04.2020 02:38:47: _AH_MAIN_BLOCK: x1a893d2e711f808589404a6f
25.04.2020 02:38:47: _AHKickOFF: n5f2e6e611a6c50905d7e77753c
25.04.2020 02:38:47: _AHKickLog: a4a503a277a804151523f09
25.04.2020 02:38:47: _clientdo: q2e3d4f627c5710779f
25.04.2020 02:38:47: _AH_RunCheckENDVAR: n073d7d223a9540877b6a673715822c6272829a7f
25.04.2020 02:38:47: _AH_RunCheckENDVAR_THREAD: v5082225e678d1a2130
25.04.2020 02:38:47: _AH_HackLogArrayRND: o3d2d2330472f0e675c
25.04.2020 02:38:47: _AH_SurvLogArrayRND: w724e5e4d1a153c1a776a3d3b001e301e5a5123
25.04.2020 02:38:47: _AH_AdmiLogArrayRND: x9c121c6b206a2e2e12
25.04.2020 02:38:47: _TMPBAN: u7c0179405a3552906f72
25.04.2020 02:38:47: _massMessage: x7a705b5039781c32409f2f507171795d7e
25.04.2020 02:38:47: _massSysMessage: u7b5c1d1d39671f6c5c
25.04.2020 02:38:47: _AHpos: j60397d6e581c5e3c591c9a73401f182a684c5f2d
25.04.2020 02:38:47: _ninetwo: d094e817a803e12525f3c301e5f611c2988556c4e5e1e5f
25.04.2020 02:38:47: _ninetwothread: g619a8e2f222d5d21377827892d883a803f1d891e89
25.04.2020 02:38:48: _adminsA: q4b632e4d1a28385c7249911e70212a77711c60711c6a073c
25.04.2020 02:38:48: _MC: g32202a8c7d68287d82
25.04.2020 02:38:48: _MCS: z40506e90591e5a918e3e2a2a3e3e
25.04.2020 02:38:48: _checkidicheckcheck: n7769121a9a839f7a8c706b2f
25.04.2020 02:38:48: _lastshotmade: j0a584a4a7e3f8b775e3f5a8f654a8a0f51601c192a171c
25.04.2020 02:38:48: _dellocveh: v5c798099459c811f2a1c05
25.04.2020 02:38:48: _inCombatTime: q8c90176989771a6b42
25.04.2020 02:38:48: _inCombatArray: m6c7c180022202059188758
25.04.2020 02:38:48: _fnc_infiKeyHandler: n6d7e1e5870126f0b7c
25.04.2020 02:38:48: _vehicle_needs_check: l933373623d6d9f3c7c
25.04.2020 02:38:48: _MAKE_VAR_DUMP_RANDOM: l5f2e3a7b2c382e198e2d0f6b193e
25.04.2020 02:38:48: _MAKE_VAR_DUMP_CLIENT: z020d2b4a2c3d873a2f8f373d3c1c1c4a0d
25.04.2020 02:38:48: _DUMPINGPLAYERUIDARRAY: c405a175a61481c6d9e6f0b8c
25.04.2020 02:38:48: _CURRENTLYDUMPING: z376e7c627a1c652e786f87852f253d
25.04.2020 02:38:48: _antiantihack_rndvar: b4e609a609e2c2a4a3a69
25.04.2020 02:38:48: _name_by_uid: c214f5c3e3c5191308a
25.04.2020 02:38:48: _owner_by_uid: f2c928c5f7c7f53571a6f8e2d15
25.04.2020 02:38:48: _customcommandingMenu: n2270896958595c218c
25.04.2020 02:38:48: _customcommandingMenuOpen: x398f601f1f6d0d381c3d1d90
25.04.2020 02:38:48: _AH_KICKLOG: PVAHR_7t7h3a8e5k2y8q
25.04.2020 02:38:48: ----END-LINE----   (12-04-2020 11-07-03 - v0260)
25.04.2020 02:41:01: <infiSTAR.de> _fnc_RandomGen: {
_fnc_actualGen = {
_abc = ['z','y','x','w','v','u','t','s','r','q','p','o','n','m','l','k','j','i','h','g','f','e','d','c','b','a'];
_gen = _abc select (random ((count _abc)-1));
_arr = ['a','b','8','9','c','7','e','a','f','3','1','0','a','d','2','2','f','d','e','c','0','5','1','d','a','e','7','c','8','9','0'];
_randmax = {((round(random _randminval)) + (round(random _randmaxval))) max _randminval};
for '_i' from 0 to (call _randmax)do
{
_gen = _gen + str(round(random 9)) + (_arr select (random ((count _arr)-1)));
};
};
_gen = '';
while{_gen=='' || _gen in _allRandomGenVars}do{
call _fnc_actualGen;
};
_allRandomGenVars pushBack _gen;
_gen
}
25.04.2020 02:41:01: ----START-LINE----   (12-04-2020 11-07-03 - v0260)
25.04.2020 02:41:01: _adminbox: h7d1f709a373c3210921a9e128287604e6e1f70
25.04.2020 02:41:01: _fnc_mpPackets: j9d8a8330091c70321c2b
25.04.2020 02:41:01: _FNC_AH_KICKLOG: b5c1e6b8e3f68418888
25.04.2020 02:41:01: _FNC_AH_KICKLOGSPAWN: s5f12276068684a516a6d7c
25.04.2020 02:41:01: _FNC_PVAH_AdminReq: d603351475c18018a498a7b3a3d55500c0a2a875a8b69
25.04.2020 02:41:01: _token_by_uid: p6d023e7e311d705c432c
25.04.2020 02:41:01: _uid_by_token: d6b884060271e6d3a5c20898a
25.04.2020 02:41:01: _server_setTokenR: e30893d983d8e8e817a
25.04.2020 02:41:01: _YourPlayerToken: t1930305c7c2d3a9e632e982f41
25.04.2020 02:41:01: _TokenCT: h8c5d30858a198d113e2f0a4b4f7d11
25.04.2020 02:41:01: _AH_MAIN_BLOCK: f78793f326131002a4522407265
25.04.2020 02:41:01: _AHKickOFF: s603e192d2b6f28725a405e7e1369726c8d118a
25.04.2020 02:41:01: _AHKickLog: m2d200a7e2f657d2a55
25.04.2020 02:41:02: _clientdo: i580a895023407a6a8b
25.04.2020 02:41:02: _AH_RunCheckENDVAR: q408c2957294e1e79273c570f478d2a60
25.04.2020 02:41:02: _AH_RunCheckENDVAR_THREAD: s6273096f196a895c1c
25.04.2020 02:41:02: _AH_HackLogArrayRND: r5d5e717d5f7d19605e7f4f09495e5c5e8a18
25.04.2020 02:41:02: _AH_SurvLogArrayRND: s8a9c2a8d2d585d875a
25.04.2020 02:41:02: _AH_AdmiLogArrayRND: z4e2a116f5f972a3f20
25.04.2020 02:41:02: _TMPBAN: d4051224a3c7c38302e8c60899d
25.04.2020 02:41:02: _massMessage: n457e35710761402d108a5978250e2b1511
25.04.2020 02:41:02: _massSysMessage: m797a7c770069526011100080
25.04.2020 02:41:02: _AHpos: q57497d92875f186c7d
25.04.2020 02:41:02: _ninetwo: u2c69702f636e4c3299936a
25.04.2020 02:41:02: _ninetwothread: w80713b6c032d410a0f886e
25.04.2020 02:41:02: _adminsA: v1f181b6c57884269182d3e7d5a103b4c4d406c4c79
25.04.2020 02:41:02: _MC: v19701157028c1e706d
25.04.2020 02:41:02: _MCS: s7d000a411d0d829e3e8a1e63701f1c4d770c2f6c9f
25.04.2020 02:41:02: _checkidicheckcheck: i1d507f57913c792e7c52416d5d4d2d685d8c203c29
25.04.2020 02:41:02: _lastshotmade: i35394888574d5d1221275d8a6e3a7863192d8c292a21
25.04.2020 02:41:02: <infiSTAR.de> _fnc_RandomGen: {
_fnc_actualGen = {
_abc = ['z','y','x','w','v','u','t','s','r','q','p','o','n','m','l','k','j','i','h','g','f','e','d','c','b','a'];
_gen = _abc select (random ((count _abc)-1));
_arr = ['a','b','8','9','c','7','e','a','f','3','1','0','a','d','2','2','f','d','e','c','0','5','1','d','a','e','7','c','8','9','0'];
_randmax = {((round(random _randminval)) + (round(random _randmaxval))) max _randminval};
for '_i' from 0 to (call _randmax)do
{
_gen = _gen + str(round(random 9)) + (_arr select (random ((count _arr)-1)));
};
};
_gen = '';
while{_gen=='' || _gen in _allRandomGenVars}do{
call _fnc_actualGen;
};
_allRandomGenVars pushBack _gen;
_gen
}
25.04.2020 02:41:02: ----START-LINE----   (12-04-2020 11-07-03 - v0260)
25.04.2020 02:41:02: _adminbox: h7d1f709a373c3210921a9e128287604e6e1f70
25.04.2020 02:41:02: _fnc_mpPackets: j9d8a8330091c70321c2b
25.04.2020 02:41:02: _FNC_AH_KICKLOG: b5c1e6b8e3f68418888
25.04.2020 02:41:02: _FNC_AH_KICKLOGSPAWN: s5f12276068684a516a6d7c
25.04.2020 02:41:02: _FNC_PVAH_AdminReq: d603351475c18018a498a7b3a3d55500c0a2a875a8b69
25.04.2020 02:41:02: _token_by_uid: p6d023e7e311d705c432c
25.04.2020 02:41:02: _uid_by_token: d6b884060271e6d3a5c20898a
25.04.2020 02:41:02: _server_setTokenR: e30893d983d8e8e817a
25.04.2020 02:41:02: _YourPlayerToken: t1930305c7c2d3a9e632e982f41
25.04.2020 02:41:02: _TokenCT: h8c5d30858a198d113e2f0a4b4f7d11
25.04.2020 02:41:02: _AH_MAIN_BLOCK: f78793f326131002a4522407265
25.04.2020 02:41:02: _AHKickOFF: s603e192d2b6f28725a405e7e1369726c8d118a
25.04.2020 02:41:02: _AHKickLog: m2d200a7e2f657d2a55
25.04.2020 02:41:02: _clientdo: i580a895023407a6a8b
25.04.2020 02:41:02: _AH_RunCheckENDVAR: q408c2957294e1e79273c570f478d2a60
25.04.2020 02:41:02: _AH_RunCheckENDVAR_THREAD: s6273096f196a895c1c
25.04.2020 02:41:02: _AH_HackLogArrayRND: r5d5e717d5f7d19605e7f4f09495e5c5e8a18
25.04.2020 02:41:02: _AH_SurvLogArrayRND: s8a9c2a8d2d585d875a
25.04.2020 02:41:02: _AH_AdmiLogArrayRND: z4e2a116f5f972a3f20
25.04.2020 02:41:02: _TMPBAN: d4051224a3c7c38302e8c60899d
25.04.2020 02:41:02: _massMessage: n457e35710761402d108a5978250e2b1511
25.04.2020 02:41:02: _massSysMessage: m797a7c770069526011100080
25.04.2020 02:41:02: _AHpos: q57497d92875f186c7d
25.04.2020 02:41:02: _ninetwo: u2c69702f636e4c3299936a
25.04.2020 02:41:02: _ninetwothread: w80713b6c032d410a0f886e
25.04.2020 02:41:02: _adminsA: v1f181b6c57884269182d3e7d5a103b4c4d406c4c79
25.04.2020 02:41:02: _MC: v19701157028c1e706d
25.04.2020 02:41:02: _MCS: s7d000a411d0d829e3e8a1e63701f1c4d770c2f6c9f
25.04.2020 02:41:02: _checkidicheckcheck: i1d507f57913c792e7c52416d5d4d2d685d8c203c29
25.04.2020 02:41:02: _lastshotmade: i35394888574d5d1221275d8a6e3a7863192d8c292a21
25.04.2020 02:41:02: _dellocveh: h7d5d231c3c3f0e6710
25.04.2020 02:41:02: _inCombatTime: q785b801d9c594a2d11
25.04.2020 02:41:02: _inCombatArray: n824a2528955f9a7a1f4a4e
25.04.2020 02:41:02: _fnc_infiKeyHandler: r4c874a111e9b4d6e787a9f3e7e497c0e60
25.04.2020 02:41:02: _vehicle_needs_check: m6c823859103f172860
25.04.2020 02:41:02: _MAKE_VAR_DUMP_RANDOM: j170e3923723f859877
25.04.2020 02:41:02: _MAKE_VAR_DUMP_CLIENT: z1e9789426085801f7e
25.04.2020 02:41:02: _DUMPINGPLAYERUIDARRAY: u738c9f4e177d6070676d701e435a0a48113e
25.04.2020 02:41:02: _CURRENTLYDUMPING: a88328a5211759e498c2e0f124a3a21
25.04.2020 02:41:02: _antiantihack_rndvar: k58559c6e2f1d5c1720182f
25.04.2020 02:41:02: _name_by_uid: m3e272b51839227500c7d0d4c414b62
25.04.2020 02:41:02: _owner_by_uid: z6d3d88755c894d31501f4a070c8b2312
25.04.2020 02:41:02: _customcommandingMenu: t2d827a1c4e0b2f4f3b0849481a236f4c806228
25.04.2020 02:41:02: _customcommandingMenuOpen: j4c732293200e1a6942
25.04.2020 02:41:02: _AH_KICKLOG: PVAHR_1v6q6k3t0i2e
25.04.2020 02:41:02: ----END-LINE----   (12-04-2020 11-07-03 - v0260)
