27.04.2020 00:07:09: <infiSTAR.de> _fnc_RandomGen: {
_fnc_actualGen = {
_abc = ['z','y','x','w','v','u','t','s','r','q','p','o','n','m','l','k','j','i','h','g','f','e','d','c','b','a'];
_gen = _abc select (random ((count _abc)-1));
_arr = ['a','b','8','9','c','7','e','a','f','3','1','0','a','d','2','2','f','d','e','c','0','5','1','d','a','e','7','c','8','9','0'];
_randmax = {((round(random _randminval)) + (round(random _randmaxval))) max _randminval};
for '_i' from 0 to (call _randmax)do
{
_gen = _gen + str(round(random 9)) + (_arr select (random ((count _arr)-1)));
};
};
_gen = '';
while{_gen=='' || _gen in _allRandomGenVars}do{
call _fnc_actualGen;
};
_allRandomGenVars pushBack _gen;
_gen
}
27.04.2020 00:07:09: ----START-LINE----   (12-04-2020 11-07-03 - v0260)
27.04.2020 00:07:09: _adminbox: p195e4a62822d5f8a3e4a07476f010722
27.04.2020 00:07:09: _fnc_mpPackets: o8c0f3d40294c87178d1c525d3c9018429e0b
27.04.2020 00:07:09: _FNC_AH_KICKLOG: f376a677c2d8f9d8d115a
27.04.2020 00:07:09: _FNC_AH_KICKLOGSPAWN: c2981473a73809d329a377a002c6d7d898c101d501d4880
27.04.2020 00:07:09: _FNC_PVAH_AdminReq: g4f5c0a88922b3c3a40
27.04.2020 00:07:09: _token_by_uid: f8c0c60303180406d77
27.04.2020 00:07:09: _uid_by_token: k3d40691038828d8111
27.04.2020 00:07:09: _server_setTokenR: s58820d759a2a15984f2775
27.04.2020 00:07:09: _YourPlayerToken: p783c186c922e21096f
27.04.2020 00:07:09: _TokenCT: d0a3c1e7a6c8e8a42505070808c5c19
27.04.2020 00:07:09: _AH_MAIN_BLOCK: n5a6c7e1d4b1e1c4971
27.04.2020 00:07:09: _AHKickOFF: z701c7c632f70275e2a
27.04.2020 00:07:09: _AHKickLog: k0a3887771267684c7e7a6c28709c834c2c
27.04.2020 00:07:09: _clientdo: q1e1a1d1f781c406a4c
27.04.2020 00:07:09: _AH_RunCheckENDVAR: s208d25510a3960884d7a38793a58
27.04.2020 00:07:09: _AH_RunCheckENDVAR_THREAD: m6c7c8119486d006a57
27.04.2020 00:07:09: _AH_HackLogArrayRND: j707a7f7a2c3f3a2a2a0a784e8c9260
27.04.2020 00:07:09: _AH_SurvLogArrayRND: x9f8e082582377a7317
27.04.2020 00:07:09: _AH_AdmiLogArrayRND: y214d5f672a6d607720
27.04.2020 00:07:09: _TMPBAN: u7f6a70113077308e19
27.04.2020 00:07:09: _massMessage: r4a07406a40324739793e
27.04.2020 00:07:09: _massSysMessage: d7e9f159d5a9d33980a872d5f9d692f1b
27.04.2020 00:07:09: _AHpos: l494d274e684b378e4890
27.04.2020 00:07:09: _ninetwo: o272011251d99759e4e508c2b
27.04.2020 00:07:09: _ninetwothread: f8c2241326d9a52216d4d172d1e5575
27.04.2020 00:07:09: _adminsA: u1c822722325d47657a3d3a
27.04.2020 00:07:09: _MC: g713c623d3c394e3f5f282a206e4a2d8e8c2c4d4d
27.04.2020 00:07:09: _MCS: h62223a8d1c2d6d4a8969151d68
27.04.2020 00:07:09: _checkidicheckcheck: f613362457a3775100c
27.04.2020 00:07:09: _lastshotmade: r4708278a80403f65211f674d3b8c455a
27.04.2020 00:07:09: _dellocveh: i3a1c3a2a107347511c180b0a6d
27.04.2020 00:07:09: _inCombatTime: d9a2f986b4c338e906a23082c2d9a1a3d5e
27.04.2020 00:07:09: <infiSTAR.de> _fnc_RandomGen: {
_fnc_actualGen = {
_abc = ['z','y','x','w','v','u','t','s','r','q','p','o','n','m','l','k','j','i','h','g','f','e','d','c','b','a'];
_gen = _abc select (random ((count _abc)-1));
_arr = ['a','b','8','9','c','7','e','a','f','3','1','0','a','d','2','2','f','d','e','c','0','5','1','d','a','e','7','c','8','9','0'];
_randmax = {((round(random _randminval)) + (round(random _randmaxval))) max _randminval};
for '_i' from 0 to (call _randmax)do
{
_gen = _gen + str(round(random 9)) + (_arr select (random ((count _arr)-1)));
};
};
_gen = '';
while{_gen=='' || _gen in _allRandomGenVars}do{
call _fnc_actualGen;
};
_allRandomGenVars pushBack _gen;
_gen
}
27.04.2020 00:07:09: ----START-LINE----   (12-04-2020 11-07-03 - v0260)
27.04.2020 00:07:09: _adminbox: p195e4a62822d5f8a3e4a07476f010722
27.04.2020 00:07:09: _fnc_mpPackets: o8c0f3d40294c87178d1c525d3c9018429e0b
27.04.2020 00:07:09: _FNC_AH_KICKLOG: f376a677c2d8f9d8d115a
27.04.2020 00:07:09: _FNC_AH_KICKLOGSPAWN: c2981473a73809d329a377a002c6d7d898c101d501d4880
27.04.2020 00:07:09: _FNC_PVAH_AdminReq: g4f5c0a88922b3c3a40
27.04.2020 00:07:09: _token_by_uid: f8c0c60303180406d77
27.04.2020 00:07:09: _uid_by_token: k3d40691038828d8111
27.04.2020 00:07:09: _server_setTokenR: s58820d759a2a15984f2775
27.04.2020 00:07:09: _YourPlayerToken: p783c186c922e21096f
27.04.2020 00:07:09: _TokenCT: d0a3c1e7a6c8e8a42505070808c5c19
27.04.2020 00:07:09: _AH_MAIN_BLOCK: n5a6c7e1d4b1e1c4971
27.04.2020 00:07:09: _AHKickOFF: z701c7c632f70275e2a
27.04.2020 00:07:09: _AHKickLog: k0a3887771267684c7e7a6c28709c834c2c
27.04.2020 00:07:09: _clientdo: q1e1a1d1f781c406a4c
27.04.2020 00:07:09: _AH_RunCheckENDVAR: s208d25510a3960884d7a38793a58
27.04.2020 00:07:09: _AH_RunCheckENDVAR_THREAD: m6c7c8119486d006a57
27.04.2020 00:07:09: _AH_HackLogArrayRND: j707a7f7a2c3f3a2a2a0a784e8c9260
27.04.2020 00:07:10: _AH_SurvLogArrayRND: x9f8e082582377a7317
27.04.2020 00:07:10: _AH_AdmiLogArrayRND: y214d5f672a6d607720
27.04.2020 00:07:10: _TMPBAN: u7f6a70113077308e19
27.04.2020 00:07:10: _massMessage: r4a07406a40324739793e
27.04.2020 00:07:10: _massSysMessage: d7e9f159d5a9d33980a872d5f9d692f1b
27.04.2020 00:07:10: _AHpos: l494d274e684b378e4890
27.04.2020 00:07:10: _ninetwo: o272011251d99759e4e508c2b
27.04.2020 00:07:10: _ninetwothread: f8c2241326d9a52216d4d172d1e5575
27.04.2020 00:07:10: _adminsA: u1c822722325d47657a3d3a
27.04.2020 00:07:10: _MC: g713c623d3c394e3f5f282a206e4a2d8e8c2c4d4d
27.04.2020 00:07:10: _MCS: h62223a8d1c2d6d4a8969151d68
27.04.2020 00:07:10: _checkidicheckcheck: f613362457a3775100c
27.04.2020 00:07:10: _lastshotmade: r4708278a80403f65211f674d3b8c455a
27.04.2020 00:07:10: _dellocveh: i3a1c3a2a107347511c180b0a6d
27.04.2020 00:07:10: _inCombatTime: d9a2f986b4c338e906a23082c2d9a1a3d5e
27.04.2020 00:07:10: _inCombatArray: c1e9e4a39527b685d43378901873a
27.04.2020 00:07:10: _fnc_infiKeyHandler: p28205e78287e497a47802d
27.04.2020 00:07:10: _vehicle_needs_check: s188c484a6b09433c981a595c
27.04.2020 00:07:10: _MAKE_VAR_DUMP_RANDOM: q48481c2b0a204d3c0d407e8d97108e407f
27.04.2020 00:07:10: _MAKE_VAR_DUMP_CLIENT: m40817d7e9220556e996c1d2d8c477f8f7163
27.04.2020 00:07:10: _DUMPINGPLAYERUIDARRAY: r95812e1c3248215a0d1a3a88907b1a8e71925e12176c2819
27.04.2020 00:07:10: _CURRENTLYDUMPING: o704d8d596e573a1a35
27.04.2020 00:07:10: _antiantihack_rndvar: d2b127c5e7d8c13285c3f70187c7f3c
27.04.2020 00:07:10: _name_by_uid: l4a7a2b70279a0221678f2d3c28
27.04.2020 00:07:10: _owner_by_uid: q1a48293511782a6c6a92187d9d416d82608e2c10
27.04.2020 00:07:10: _customcommandingMenu: v1a1c13874e7751392052
27.04.2020 00:07:10: _customcommandingMenuOpen: w15395b8b1d8b2b198c2d1e3e20817760074f1d715d
27.04.2020 00:07:10: _AH_KICKLOG: PVAHR_6b7m4m5d2c6e
27.04.2020 00:07:10: ----END-LINE----   (12-04-2020 11-07-03 - v0260)
27.04.2020 00:12:58: <infiSTAR.de> _fnc_RandomGen: {
_fnc_actualGen = {
_abc = ['z','y','x','w','v','u','t','s','r','q','p','o','n','m','l','k','j','i','h','g','f','e','d','c','b','a'];
_gen = _abc select (random ((count _abc)-1));
_arr = ['a','b','8','9','c','7','e','a','f','3','1','0','a','d','2','2','f','d','e','c','0','5','1','d','a','e','7','c','8','9','0'];
_randmax = {((round(random _randminval)) + (round(random _randmaxval))) max _randminval};
for '_i' from 0 to (call _randmax)do
{
_gen = _gen + str(round(random 9)) + (_arr select (random ((count _arr)-1)));
};
};
_gen = '';
while{_gen=='' || _gen in _allRandomGenVars}do{
call _fnc_actualGen;
};
_allRandomGenVars pushBack _gen;
_gen
}
27.04.2020 00:12:58: ----START-LINE----   (12-04-2020 11-07-03 - v0260)
27.04.2020 00:12:58: _adminbox: j4c0e87825b6d4c1049
27.04.2020 00:12:58: _fnc_mpPackets: b15506a354a79673e4e
27.04.2020 00:12:58: _FNC_AH_KICKLOG: l8f608c2a7c772c2d609c1e3d1c58
27.04.2020 00:12:58: _FNC_AH_KICKLOGSPAWN: g1f612e126a6b7d5e4c
27.04.2020 00:12:58: _FNC_PVAH_AdminReq: y813a881e495b0a827d
27.04.2020 00:12:58: _token_by_uid: s8a9c37633e5e3a992c2d4e1e3a71001c0947
27.04.2020 00:12:58: _uid_by_token: d625f1222798c4d6a01
27.04.2020 00:12:58: _server_setTokenR: v7a53726a27597e89483325239c7d195d3b
27.04.2020 00:12:58: _YourPlayerToken: a4a8e3f4f837e3f7d4a022b7d0888637940894a7f
27.04.2020 00:12:58: _TokenCT: m0f2d5c315912787d0192292d
27.04.2020 00:12:58: _AH_MAIN_BLOCK: n8d4e6c8e307e85857c518850427e
27.04.2020 00:12:58: _AHKickOFF: n71180e0a457a7f3f88
27.04.2020 00:12:58: _AHKickLog: y6a327c882f019f101f5c4877
27.04.2020 00:12:58: _clientdo: v1e507d8e7c6d21323070971c574c09192d
27.04.2020 00:12:58: _AH_RunCheckENDVAR: d41004787009b3a9d6c
27.04.2020 00:12:58: _AH_RunCheckENDVAR_THREAD: o7f6c7e3d4f3f312c692a1f6c512709571a
27.04.2020 00:12:58: _AH_HackLogArrayRND: v271d835e6830422e708a8d7a399a3f49404e60
27.04.2020 00:12:58: _AH_SurvLogArrayRND: m207a99806f025d3a8351716e857c
27.04.2020 00:12:58: _AH_AdmiLogArrayRND: b692c25683f33011d427955407b4a8c1a1c1b33
27.04.2020 00:12:58: _TMPBAN: d4031572d4f1f982d9031836d1c72
27.04.2020 00:12:58: _massMessage: q615a0c1f3e1a2a6c9c1e6d371f
27.04.2020 00:12:58: _massSysMessage: p3c1b9c2d8b8c8d5f2e5d3158214f913b4760
27.04.2020 00:12:58: _AHpos: q27203f498d79490c39
27.04.2020 00:12:58: _ninetwo: k1a2060614169075f0c306e61
27.04.2020 00:12:58: _ninetwothread: m082598172a715c3a2d
27.04.2020 00:12:58: _adminsA: z55957752184e1e7d88
27.04.2020 00:12:58: _MC: k9d400d4c7d3d578e9a9a1c89672e8d
27.04.2020 00:12:58: _MCS: j3a6d73186d724d3a9e7c2f
27.04.2020 00:12:58: _checkidicheckcheck: d7b78392c882e7a1918426e628d395f2a
27.04.2020 00:12:58: _lastshotmade: g6d5f3a8d2721118c6c
27.04.2020 00:12:58: <infiSTAR.de> _fnc_RandomGen: {
_fnc_actualGen = {
_abc = ['z','y','x','w','v','u','t','s','r','q','p','o','n','m','l','k','j','i','h','g','f','e','d','c','b','a'];
_gen = _abc select (random ((count _abc)-1));
_arr = ['a','b','8','9','c','7','e','a','f','3','1','0','a','d','2','2','f','d','e','c','0','5','1','d','a','e','7','c','8','9','0'];
_randmax = {((round(random _randminval)) + (round(random _randmaxval))) max _randminval};
for '_i' from 0 to (call _randmax)do
{
_gen = _gen + str(round(random 9)) + (_arr select (random ((count _arr)-1)));
};
};
_gen = '';
while{_gen=='' || _gen in _allRandomGenVars}do{
call _fnc_actualGen;
};
_allRandomGenVars pushBack _gen;
_gen
}
27.04.2020 00:12:58: ----START-LINE----   (12-04-2020 11-07-03 - v0260)
27.04.2020 00:12:58: _adminbox: j4c0e87825b6d4c1049
27.04.2020 00:12:58: _fnc_mpPackets: b15506a354a79673e4e
27.04.2020 00:12:58: _FNC_AH_KICKLOG: l8f608c2a7c772c2d609c1e3d1c58
27.04.2020 00:12:58: _FNC_AH_KICKLOGSPAWN: g1f612e126a6b7d5e4c
27.04.2020 00:12:58: _FNC_PVAH_AdminReq: y813a881e495b0a827d
27.04.2020 00:12:58: _token_by_uid: s8a9c37633e5e3a992c2d4e1e3a71001c0947
27.04.2020 00:12:58: _uid_by_token: d625f1222798c4d6a01
27.04.2020 00:12:58: _server_setTokenR: v7a53726a27597e89483325239c7d195d3b
27.04.2020 00:12:58: _YourPlayerToken: a4a8e3f4f837e3f7d4a022b7d0888637940894a7f
27.04.2020 00:12:58: _TokenCT: m0f2d5c315912787d0192292d
27.04.2020 00:12:58: _AH_MAIN_BLOCK: n8d4e6c8e307e85857c518850427e
27.04.2020 00:12:58: _AHKickOFF: n71180e0a457a7f3f88
27.04.2020 00:12:58: _AHKickLog: y6a327c882f019f101f5c4877
27.04.2020 00:12:58: _clientdo: v1e507d8e7c6d21323070971c574c09192d
27.04.2020 00:12:58: _AH_RunCheckENDVAR: d41004787009b3a9d6c
27.04.2020 00:12:58: _AH_RunCheckENDVAR_THREAD: o7f6c7e3d4f3f312c692a1f6c512709571a
27.04.2020 00:12:58: _AH_HackLogArrayRND: v271d835e6830422e708a8d7a399a3f49404e60
27.04.2020 00:12:58: _AH_SurvLogArrayRND: m207a99806f025d3a8351716e857c
27.04.2020 00:12:58: _AH_AdmiLogArrayRND: b692c25683f33011d427955407b4a8c1a1c1b33
27.04.2020 00:12:58: _TMPBAN: d4031572d4f1f982d9031836d1c72
27.04.2020 00:12:58: _massSysMessage: p3c1b9c2d8b8c8d5f2e5d3158214f913b4760
27.04.2020 00:12:59: _AH_KICKLOG: PVAHR_7f7l1u4w7i8w
27.04.2020 00:12:59: ----END-LINE----   (12-04-2020 11-07-03 - v0260)
27.04.2020 00:29:08: <infiSTAR.de> _fnc_RandomGen: {
_fnc_actualGen = {
_abc = ['z','y','x','w','v','u','t','s','r','q','p','o','n','m','l','k','j','i','h','g','f','e','d','c','b','a'];
_gen = _abc select (random ((count _abc)-1));
_arr = ['a','b','8','9','c','7','e','a','f','3','1','0','a','d','2','2','f','d','e','c','0','5','1','d','a','e','7','c','8','9','0'];
_randmax = {((round(random _randminval)) + (round(random _randmaxval))) max _randminval};
for '_i' from 0 to (call _randmax)do
{
_gen = _gen + str(round(random 9)) + (_arr select (random ((count _arr)-1)));
};
};
_gen = '';
while{_gen=='' || _gen in _allRandomGenVars}do{
call _fnc_actualGen;
};
_allRandomGenVars pushBack _gen;
_gen
}
27.04.2020 00:29:08: ----START-LINE----   (12-04-2020 11-07-03 - v0260)
27.04.2020 00:29:08: _adminbox: s507e789e4d705b5e6c
27.04.2020 00:29:08: _fnc_mpPackets: i8d6a6110273a5e30805a526e2d8c7a200a1257196d
27.04.2020 00:29:08: _FNC_AH_KICKLOG: k3c2c7e3e782e4c222f6a11105e784a392027
27.04.2020 00:29:08: _FNC_AH_KICKLOGSPAWN: d0a297a795912975c0a8b79721a7861
27.04.2020 00:29:08: _FNC_PVAH_AdminReq: y31400a690d2a413c50821a2a501a8d0e2c1d92727d273f30
27.04.2020 00:29:08: _token_by_uid: m7f0a351d2d8a996c504f9e
27.04.2020 00:29:08: _uid_by_token: c1a525c1d6b8d7117994e6968
27.04.2020 00:29:08: _server_setTokenR: k6c2f3240472010201e6a8f373d1a9c50
27.04.2020 00:29:08: _YourPlayerToken: g578c891129882e8e40391a3a72594d5d3c1c
27.04.2020 00:29:08: _TokenCT: b7a1c6e625e5f253a6c8a186d7c005e71
27.04.2020 00:29:08: _AH_MAIN_BLOCK: c3a3f157a5e1e60774a
27.04.2020 00:29:08: _AHKickOFF: a00711d75692c910d7a9a6f
27.04.2020 00:29:08: _AHKickLog: f8d69521b1925818047018c2e
27.04.2020 00:29:08: _clientdo: i3a106e3c010a3e7e723d42696f4b379f
27.04.2020 00:29:08: _AH_RunCheckENDVAR: r4d7c17917e2978217c3f3e105b757c998e325991529f
27.04.2020 00:29:08: _AH_RunCheckENDVAR_THREAD: b25558b27681023594e6b
27.04.2020 00:29:08: _AH_HackLogArrayRND: b587a115a656d4537798d
27.04.2020 00:29:08: _AH_SurvLogArrayRND: r8b7e1e6d5b079e186e7e89
27.04.2020 00:29:08: _AH_AdmiLogArrayRND: u177a6a783521253d2d1b
27.04.2020 00:29:08: _TMPBAN: b4d3d1a21786e378c770e905d6819621f9e9168
27.04.2020 00:29:08: _massMessage: x2c7e471d4a67606a2c
27.04.2020 00:29:08: _massSysMessage: t892b3e1b4050503d7a5c4e204e798a75
27.04.2020 00:29:08: _AHpos: g28754c05922a9a2d5e
27.04.2020 00:29:08: _ninetwo: q8d2a683c595d732e2c1a7e603a581d501e7d5a4d776b
27.04.2020 00:29:08: _ninetwothread: z728f3230785c2d4d37597a0e
27.04.2020 00:29:08: _adminsA: h573238970f8b7d7e8d
27.04.2020 00:29:08: _MC: q9c7b103a7a7a5e136d1f7961078e5d
27.04.2020 00:29:08: _MCS: h2e7f598b60811a03413e8a7c
27.04.2020 00:29:08: _checkidicheckcheck: w20901e42608a471e82
27.04.2020 00:29:08: _lastshotmade: h184e7f3925396d393d8c3c895d697a491249512e5e
27.04.2020 00:29:08: _dellocveh: e0e991f50172e6a838742471f6f1a89
27.04.2020 00:29:08: _inCombatTime: v1138507e495a4c4f997f6d
27.04.2020 00:29:08: _inCombatArray: e3e876b2715783e8e3e4a7f5e654c3e8a5779
27.04.2020 00:29:08: _fnc_infiKeyHandler: s5e69575a1c2a3e7a887c28
27.04.2020 00:29:08: _vehicle_needs_check: s2f6b6e4143729a2849023f9e657c
27.04.2020 00:29:08: <infiSTAR.de> _fnc_RandomGen: {
_fnc_actualGen = {
_abc = ['z','y','x','w','v','u','t','s','r','q','p','o','n','m','l','k','j','i','h','g','f','e','d','c','b','a'];
_gen = _abc select (random ((count _abc)-1));
_arr = ['a','b','8','9','c','7','e','a','f','3','1','0','a','d','2','2','f','d','e','c','0','5','1','d','a','e','7','c','8','9','0'];
_randmax = {((round(random _randminval)) + (round(random _randmaxval))) max _randminval};
for '_i' from 0 to (call _randmax)do
{
_gen = _gen + str(round(random 9)) + (_arr select (random ((count _arr)-1)));
};
};
_gen = '';
while{_gen=='' || _gen in _allRandomGenVars}do{
call _fnc_actualGen;
};
_allRandomGenVars pushBack _gen;
_gen
}
27.04.2020 00:29:08: ----START-LINE----   (12-04-2020 11-07-03 - v0260)
27.04.2020 00:29:08: _adminbox: s507e789e4d705b5e6c
27.04.2020 00:29:08: _fnc_mpPackets: i8d6a6110273a5e30805a526e2d8c7a200a1257196d
27.04.2020 00:29:08: _FNC_AH_KICKLOG: k3c2c7e3e782e4c222f6a11105e784a392027
27.04.2020 00:29:08: _FNC_AH_KICKLOGSPAWN: d0a297a795912975c0a8b79721a7861
27.04.2020 00:29:08: _FNC_PVAH_AdminReq: y31400a690d2a413c50821a2a501a8d0e2c1d92727d273f30
27.04.2020 00:29:08: _token_by_uid: m7f0a351d2d8a996c504f9e
27.04.2020 00:29:08: _uid_by_token: c1a525c1d6b8d7117994e6968
27.04.2020 00:29:08: _server_setTokenR: k6c2f3240472010201e6a8f373d1a9c50
27.04.2020 00:29:08: _YourPlayerToken: g578c891129882e8e40391a3a72594d5d3c1c
27.04.2020 00:29:08: _TokenCT: b7a1c6e625e5f253a6c8a186d7c005e71
27.04.2020 00:29:08: _AH_MAIN_BLOCK: c3a3f157a5e1e60774a
27.04.2020 00:29:08: _AHKickOFF: a00711d75692c910d7a9a6f
27.04.2020 00:29:08: _AHKickLog: f8d69521b1925818047018c2e
27.04.2020 00:29:08: _clientdo: i3a106e3c010a3e7e723d42696f4b379f
27.04.2020 00:29:08: _AH_RunCheckENDVAR: r4d7c17917e2978217c3f3e105b757c998e325991529f
27.04.2020 00:29:08: _AH_RunCheckENDVAR_THREAD: b25558b27681023594e6b
27.04.2020 00:29:08: _AH_HackLogArrayRND: b587a115a656d4537798d
27.04.2020 00:29:08: _AH_SurvLogArrayRND: r8b7e1e6d5b079e186e7e89
27.04.2020 00:29:08: _AH_AdmiLogArrayRND: u177a6a783521253d2d1b
27.04.2020 00:29:08: _TMPBAN: b4d3d1a21786e378c770e905d6819621f9e9168
27.04.2020 00:29:08: _massMessage: x2c7e471d4a67606a2c
27.04.2020 00:29:08: _massSysMessage: t892b3e1b4050503d7a5c4e204e798a75
27.04.2020 00:29:08: _AHpos: g28754c05922a9a2d5e
27.04.2020 00:29:08: _ninetwo: q8d2a683c595d732e2c1a7e603a581d501e7d5a4d776b
27.04.2020 00:29:08: _ninetwothread: z728f3230785c2d4d37597a0e
27.04.2020 00:29:08: _adminsA: h573238970f8b7d7e8d
27.04.2020 00:29:08: _MC: q9c7b103a7a7a5e136d1f7961078e5d
27.04.2020 00:29:08: _MCS: h2e7f598b60811a03413e8a7c
27.04.2020 00:29:08: _checkidicheckcheck: w20901e42608a471e82
27.04.2020 00:29:08: _lastshotmade: h184e7f3925396d393d8c3c895d697a491249512e5e
27.04.2020 00:29:08: _dellocveh: e0e991f50172e6a838742471f6f1a89
27.04.2020 00:29:08: _inCombatTime: v1138507e495a4c4f997f6d
27.04.2020 00:29:08: _inCombatArray: e3e876b2715783e8e3e4a7f5e654c3e8a5779
27.04.2020 00:29:08: _fnc_infiKeyHandler: s5e69575a1c2a3e7a887c28
27.04.2020 00:29:08: _vehicle_needs_check: s2f6b6e4143729a2849023f9e657c
27.04.2020 00:29:08: _MAKE_VAR_DUMP_RANDOM: q9d530e48402c8a891a5e81895889300d9c
27.04.2020 00:29:08: _MAKE_VAR_DUMP_CLIENT: h5c3c52712d8d694d7a0a3752215059
27.04.2020 00:29:08: _DUMPINGPLAYERUIDARRAY: d35805a3c519e781d592e6d486d79
27.04.2020 00:29:08: _CURRENTLYDUMPING: p517f2f279701791a89
27.04.2020 00:29:08: _antiantihack_rndvar: u258e6c7080271e5d79
27.04.2020 00:29:08: _name_by_uid: a67183d60810c6c478c879c6a2a0c818c3e
27.04.2020 00:29:08: _owner_by_uid: g886f1d4a7a7d004e2d
27.04.2020 00:29:08: _customcommandingMenu: o194f271a9d2c9b19777a5a178f28286a022a18
27.04.2020 00:29:08: _customcommandingMenuOpen: c18307e3088270f75732a6a82
27.04.2020 00:29:08: _AH_KICKLOG: PVAHR_7d6l1r8e6b8t7r
27.04.2020 00:29:08: ----END-LINE----   (12-04-2020 11-07-03 - v0260)
27.04.2020 00:35:52: <infiSTAR.de> _fnc_RandomGen: {
_fnc_actualGen = {
_abc = ['z','y','x','w','v','u','t','s','r','q','p','o','n','m','l','k','j','i','h','g','f','e','d','c','b','a'];
_gen = _abc select (random ((count _abc)-1));
_arr = ['a','b','8','9','c','7','e','a','f','3','1','0','a','d','2','2','f','d','e','c','0','5','1','d','a','e','7','c','8','9','0'];
_randmax = {((round(random _randminval)) + (round(random _randmaxval))) max _randminval};
for '_i' from 0 to (call _randmax)do
{
_gen = _gen + str(round(random 9)) + (_arr select (random ((count _arr)-1)));
};
};
_gen = '';
while{_gen=='' || _gen in _allRandomGenVars}do{
call _fnc_actualGen;
};
_allRandomGenVars pushBack _gen;
_gen
}
27.04.2020 00:35:52: ----START-LINE----   (12-04-2020 11-07-03 - v0260)
27.04.2020 00:35:52: _adminbox: v273b95299d3c5c075790
27.04.2020 00:35:52: _fnc_mpPackets: n693c212a21306f6f4b
27.04.2020 00:35:52: _FNC_AH_KICKLOG: r2e02006b5a774e4368
27.04.2020 00:35:53: _FNC_AH_KICKLOGSPAWN: v1c987a2e79323c023d2a2c938d008e5d306c2f3a
27.04.2020 00:35:53: _FNC_PVAH_AdminReq: k831b451028673e8317375569039c
27.04.2020 00:35:53: _token_by_uid: s4d728e7e1972292c1a1c7227
27.04.2020 00:35:53: _uid_by_token: b79825d5520715f104c
27.04.2020 00:35:53: _server_setTokenR: x752f43421c907a5e8c781a
27.04.2020 00:35:53: _YourPlayerToken: n4c1d327a926d100a7a51385d608e8782278e2c17218e5119
27.04.2020 00:35:53: _TokenCT: v873a8a214e423e4d82
27.04.2020 00:35:53: _AH_MAIN_BLOCK: m074e432c4b8c401f290e3f6e1e291d6f0f5120187f6a1c7e48
27.04.2020 00:35:53: _AHKickOFF: g95103f6d4d1f6a3f207c3c
27.04.2020 00:35:53: _AHKickLog: h8c634c3e7c1d205b988a
27.04.2020 00:35:53: _clientdo: u3e213a8f698e8a59777d570b1b0c9c5c8a
27.04.2020 00:35:53: _AH_RunCheckENDVAR: u6c4197989f20426c07
27.04.2020 00:35:53: _AH_RunCheckENDVAR_THREAD: m9e814a9b9d6d4a413e506a182c79
27.04.2020 00:35:53: _AH_HackLogArrayRND: y1e8c05218b87495f215a28196b1a4f990c7f8f
27.04.2020 00:35:53: _AH_SurvLogArrayRND: x8c8c5a124f211a8a1c
27.04.2020 00:35:53: _AH_AdmiLogArrayRND: y48723c20117e9d1a7f
27.04.2020 00:35:53: _TMPBAN: g206d579771704d2e77
27.04.2020 00:35:53: _massMessage: i598d427f25931e3d2f2a677b414a1d2a
27.04.2020 00:35:53: _massSysMessage: h5a5161407e6e2c9c0c
27.04.2020 00:35:53: _AHpos: a033e292f891e4f1e4838588a27686c4d7c0c284b
27.04.2020 00:35:53: _ninetwo: k28273c3c15716e2e6021301d4013
27.04.2020 00:35:53: _ninetwothread: r296c7209354e3c2a6072413199625e156e6852826a5e05
27.04.2020 00:35:53: _adminsA: k800d5e796017723168158279
27.04.2020 00:35:53: _MC: j5280153c028c883060002157
27.04.2020 00:35:53: <infiSTAR.de> _fnc_RandomGen: {
_fnc_actualGen = {
_abc = ['z','y','x','w','v','u','t','s','r','q','p','o','n','m','l','k','j','i','h','g','f','e','d','c','b','a'];
_gen = _abc select (random ((count _abc)-1));
_arr = ['a','b','8','9','c','7','e','a','f','3','1','0','a','d','2','2','f','d','e','c','0','5','1','d','a','e','7','c','8','9','0'];
_randmax = {((round(random _randminval)) + (round(random _randmaxval))) max _randminval};
for '_i' from 0 to (call _randmax)do
{
_gen = _gen + str(round(random 9)) + (_arr select (random ((count _arr)-1)));
};
};
_gen = '';
while{_gen=='' || _gen in _allRandomGenVars}do{
call _fnc_actualGen;
};
_allRandomGenVars pushBack _gen;
_gen
}
27.04.2020 00:35:53: ----START-LINE----   (12-04-2020 11-07-03 - v0260)
27.04.2020 00:35:53: _adminbox: v273b95299d3c5c075790
27.04.2020 00:35:53: _fnc_mpPackets: n693c212a21306f6f4b
27.04.2020 00:35:53: _FNC_AH_KICKLOG: r2e02006b5a774e4368
27.04.2020 00:35:53: _FNC_AH_KICKLOGSPAWN: v1c987a2e79323c023d2a2c938d008e5d306c2f3a
27.04.2020 00:35:53: _FNC_PVAH_AdminReq: k831b451028673e8317375569039c
27.04.2020 00:35:53: _token_by_uid: s4d728e7e1972292c1a1c7227
27.04.2020 00:35:53: _uid_by_token: b79825d5520715f104c
27.04.2020 00:35:53: _server_setTokenR: x752f43421c907a5e8c781a
27.04.2020 00:35:53: _YourPlayerToken: n4c1d327a926d100a7a51385d608e8782278e2c17218e5119
27.04.2020 00:35:53: _TokenCT: v873a8a214e423e4d82
27.04.2020 00:35:53: _AH_MAIN_BLOCK: m074e432c4b8c401f290e3f6e1e291d6f0f5120187f6a1c7e48
27.04.2020 00:35:53: _AHKickOFF: g95103f6d4d1f6a3f207c3c
27.04.2020 00:35:53: _AHKickLog: h8c634c3e7c1d205b988a
27.04.2020 00:35:53: _clientdo: u3e213a8f698e8a59777d570b1b0c9c5c8a
27.04.2020 00:35:53: _AH_RunCheckENDVAR: u6c4197989f20426c07
27.04.2020 00:35:53: _AH_RunCheckENDVAR_THREAD: m9e814a9b9d6d4a413e506a182c79
27.04.2020 00:35:53: _AH_HackLogArrayRND: y1e8c05218b87495f215a28196b1a4f990c7f8f
27.04.2020 00:35:53: _AH_SurvLogArrayRND: x8c8c5a124f211a8a1c
27.04.2020 00:35:53: _AH_AdmiLogArrayRND: y48723c20117e9d1a7f
27.04.2020 00:35:53: _TMPBAN: g206d579771704d2e77
27.04.2020 00:35:53: _massMessage: i598d427f25931e3d2f2a677b414a1d2a
27.04.2020 00:35:53: _massSysMessage: h5a5161407e6e2c9c0c
27.04.2020 00:35:53: _AHpos: a033e292f891e4f1e4838588a27686c4d7c0c284b
27.04.2020 00:35:53: _ninetwo: k28273c3c15716e2e6021301d4013
27.04.2020 00:35:53: _ninetwothread: r296c7209354e3c2a6072413199625e156e6852826a5e05
27.04.2020 00:35:53: _adminsA: k800d5e796017723168158279
27.04.2020 00:35:53: _MC: j5280153c028c883060002157
27.04.2020 00:35:53: _MCS: n604a6b1d2a4d619a9d4d6d1e35313e0d7a3d6e616f
27.04.2020 00:35:53: _checkidicheckcheck: k3a608727521d792c12571f70
27.04.2020 00:35:53: _lastshotmade: g716d816d75707d295c1e82819d9a4c5f37120e8c728c
27.04.2020 00:35:53: _dellocveh: c2a5a4548418d7c7a2d1f8d7a60
27.04.2020 00:35:53: _inCombatTime: g395a0f6d186c979d4b3d596f622b3d3782
27.04.2020 00:35:53: _inCombatArray: z376c7c004d0e0c183f8a49
27.04.2020 00:35:53: _fnc_infiKeyHandler: u6c1e873719403c77457992703b719123
27.04.2020 00:35:53: _vehicle_needs_check: u4f394a6f8a6185411c2d0a6e504d57786d4e
27.04.2020 00:35:53: _MAKE_VAR_DUMP_RANDOM: j793a8712735e1e594e48879e455c1e
27.04.2020 00:35:53: _MAKE_VAR_DUMP_CLIENT: q358e426110232e8c7a5f4b997c8d4d1901029e324879
27.04.2020 00:35:53: _DUMPINGPLAYERUIDARRAY: j02473c60325e8a57308789751f8d8548408c5e
27.04.2020 00:35:53: _CURRENTLYDUMPING: x612811481d4c8322851a6d7d4c4d5d7d4d0e4e8a4e98
27.04.2020 00:35:53: _antiantihack_rndvar: q805d2292186e6d4c6f3260
27.04.2020 00:35:53: _name_by_uid: v3f2a2d2c3a2d1d998f6e7d6c
27.04.2020 00:35:53: _owner_by_uid: g3e5e423047796e885a91
27.04.2020 00:35:53: _customcommandingMenu: z4f3a474f5510272968
27.04.2020 00:35:53: _customcommandingMenuOpen: j58015a65971c0e6f38
27.04.2020 00:35:53: _AH_KICKLOG: PVAHR_5f9q4e1d8l
27.04.2020 00:35:53: ----END-LINE----   (12-04-2020 11-07-03 - v0260)
27.04.2020 00:45:59: <infiSTAR.de> _fnc_RandomGen: {
_fnc_actualGen = {
_abc = ['z','y','x','w','v','u','t','s','r','q','p','o','n','m','l','k','j','i','h','g','f','e','d','c','b','a'];
_gen = _abc select (random ((count _abc)-1));
_arr = ['a','b','8','9','c','7','e','a','f','3','1','0','a','d','2','2','f','d','e','c','0','5','1','d','a','e','7','c','8','9','0'];
_randmax = {((round(random _randminval)) + (round(random _randmaxval))) max _randminval};
for '_i' from 0 to (call _randmax)do
{
_gen = _gen + str(round(random 9)) + (_arr select (random ((count _arr)-1)));
};
};
_gen = '';
while{_gen=='' || _gen in _allRandomGenVars}do{
call _fnc_actualGen;
};
_allRandomGenVars pushBack _gen;
_gen
}
27.04.2020 00:45:59: ----START-LINE----   (12-04-2020 11-07-03 - v0260)
27.04.2020 00:45:59: _adminbox: r555c6d297c1e6d03725d805d238f38
27.04.2020 00:46:00: _fnc_mpPackets: f3d1162405c4d6d4c003e1f595848
27.04.2020 00:46:00: _FNC_AH_KICKLOG: g722b115a19018a396d
27.04.2020 00:46:00: _FNC_AH_KICKLOGSPAWN: k3e2e570e7e8e28855f
27.04.2020 00:46:00: _FNC_PVAH_AdminReq: f6e8e9c1b3e4e1c17309c25
27.04.2020 00:46:00: _token_by_uid: z4229584b9d5e7d858c
27.04.2020 00:46:00: _uid_by_token: p711a4f17172e7e591c5c7c524e
27.04.2020 00:46:00: _server_setTokenR: b214f3d12412a4a4d5e7b056a4b52426d9d20
27.04.2020 00:46:00: _YourPlayerToken: h1e3e8a2f47225f08883b53784c773d30
27.04.2020 00:46:00: _TokenCT: r2c676e4e9f393c156d8a3d87872a6b292d
27.04.2020 00:46:00: _AH_MAIN_BLOCK: e997c416e0c9a0a5180924a8a8a8a97
27.04.2020 00:46:00: _AHKickOFF: v585960681f723d235e
27.04.2020 00:46:00: _AHKickLog: h214f104c50221e4f8c7850070a3a6f5b6a1c00
27.04.2020 00:46:00: _clientdo: z5c6d3c52982d3b4d0b625735997e3e112d7e0f
27.04.2020 00:46:00: _AH_RunCheckENDVAR: n195a2d83476179912e
27.04.2020 00:46:00: _AH_RunCheckENDVAR_THREAD: r4d42386e38298d9d2f10506e5301917038420a108d9541
27.04.2020 00:46:00: _AH_HackLogArrayRND: j7d4e2c1b402d351781121f3f41
27.04.2020 00:46:00: _AH_SurvLogArrayRND: n284b1a1e7a0a200f776e711d309b
27.04.2020 00:46:00: _AH_AdmiLogArrayRND: v397e6f112e621e5a92
27.04.2020 00:46:00: _TMPBAN: h6c5b2a38278d720b5c
27.04.2020 00:46:00: _massMessage: k37810a993720871c5f
27.04.2020 00:46:00: _massSysMessage: w9d371a2d7c611a4851699b2d
27.04.2020 00:46:00: _AHpos: n1f0a3d38106087635c2d3f892f6e3c
27.04.2020 00:46:00: _ninetwo: i1e1e8e72202378732f57453a184b70192e45385b
27.04.2020 00:46:00: _ninetwothread: n131a91233a0a39619218327269777e6d831e409e
27.04.2020 00:46:00: _adminsA: v80094f3e5f023d038e
27.04.2020 00:46:00: _MC: y6c0f9f3c7d5d9d819c7a5a3d91052071
27.04.2020 00:46:00: _MCS: h5b6a2f8213123a6f321f5c
27.04.2020 00:46:00: _checkidicheckcheck: v923c9f195f406c38902a2d6d975d8d1a0c1d2a157b
27.04.2020 00:46:00: _lastshotmade: y8a5c111e6d382a5e5a6e41699a611a1a7d6a
27.04.2020 00:46:00: _dellocveh: x991e5d395c7f7a6e8a32185d79
27.04.2020 00:46:00: _inCombatTime: u2e3d7a8d5a295a179d7718510a2e
27.04.2020 00:46:00: _inCombatArray: z1b4c182a7c8a328c417b025c
27.04.2020 00:46:00: <infiSTAR.de> _fnc_RandomGen: {
_fnc_actualGen = {
_abc = ['z','y','x','w','v','u','t','s','r','q','p','o','n','m','l','k','j','i','h','g','f','e','d','c','b','a'];
_gen = _abc select (random ((count _abc)-1));
_arr = ['a','b','8','9','c','7','e','a','f','3','1','0','a','d','2','2','f','d','e','c','0','5','1','d','a','e','7','c','8','9','0'];
_randmax = {((round(random _randminval)) + (round(random _randmaxval))) max _randminval};
for '_i' from 0 to (call _randmax)do
{
_gen = _gen + str(round(random 9)) + (_arr select (random ((count _arr)-1)));
};
};
_gen = '';
while{_gen=='' || _gen in _allRandomGenVars}do{
call _fnc_actualGen;
};
_allRandomGenVars pushBack _gen;
_gen
}
27.04.2020 00:46:00: ----START-LINE----   (12-04-2020 11-07-03 - v0260)
27.04.2020 00:46:00: _adminbox: r555c6d297c1e6d03725d805d238f38
27.04.2020 00:46:00: _fnc_mpPackets: f3d1162405c4d6d4c003e1f595848
27.04.2020 00:46:00: _FNC_AH_KICKLOG: g722b115a19018a396d
27.04.2020 00:46:00: _FNC_AH_KICKLOGSPAWN: k3e2e570e7e8e28855f
27.04.2020 00:46:00: _FNC_PVAH_AdminReq: f6e8e9c1b3e4e1c17309c25
27.04.2020 00:46:00: _token_by_uid: z4229584b9d5e7d858c
27.04.2020 00:46:00: _uid_by_token: p711a4f17172e7e591c5c7c524e
27.04.2020 00:46:00: _server_setTokenR: b214f3d12412a4a4d5e7b056a4b52426d9d20
27.04.2020 00:46:00: _YourPlayerToken: h1e3e8a2f47225f08883b53784c773d30
27.04.2020 00:46:00: _TokenCT: r2c676e4e9f393c156d8a3d87872a6b292d
27.04.2020 00:46:00: _AH_MAIN_BLOCK: e997c416e0c9a0a5180924a8a8a8a97
27.04.2020 00:46:00: _AHKickOFF: v585960681f723d235e
27.04.2020 00:46:00: _AHKickLog: h214f104c50221e4f8c7850070a3a6f5b6a1c00
27.04.2020 00:46:00: _clientdo: z5c6d3c52982d3b4d0b625735997e3e112d7e0f
27.04.2020 00:46:00: _AH_RunCheckENDVAR: n195a2d83476179912e
27.04.2020 00:46:00: _AH_RunCheckENDVAR_THREAD: r4d42386e38298d9d2f10506e5301917038420a108d9541
27.04.2020 00:46:00: _AH_HackLogArrayRND: j7d4e2c1b402d351781121f3f41
27.04.2020 00:46:00: _AH_SurvLogArrayRND: n284b1a1e7a0a200f776e711d309b
27.04.2020 00:46:00: _AH_AdmiLogArrayRND: v397e6f112e621e5a92
27.04.2020 00:46:00: _TMPBAN: h6c5b2a38278d720b5c
27.04.2020 00:46:00: _massMessage: k37810a993720871c5f
27.04.2020 00:46:00: _massSysMessage: w9d371a2d7c611a4851699b2d
27.04.2020 00:46:00: _AHpos: n1f0a3d38106087635c2d3f892f6e3c
27.04.2020 00:46:00: _ninetwo: i1e1e8e72202378732f57453a184b70192e45385b
27.04.2020 00:46:00: _ninetwothread: n131a91233a0a39619218327269777e6d831e409e
27.04.2020 00:46:00: _adminsA: v80094f3e5f023d038e
27.04.2020 00:46:00: _MC: y6c0f9f3c7d5d9d819c7a5a3d91052071
27.04.2020 00:46:00: _MCS: h5b6a2f8213123a6f321f5c
27.04.2020 00:46:00: _checkidicheckcheck: v923c9f195f406c38902a2d6d975d8d1a0c1d2a157b
27.04.2020 00:46:00: _lastshotmade: y8a5c111e6d382a5e5a6e41699a611a1a7d6a
27.04.2020 00:46:00: _dellocveh: x991e5d395c7f7a6e8a32185d79
27.04.2020 00:46:00: _inCombatTime: u2e3d7a8d5a295a179d7718510a2e
27.04.2020 00:46:00: _inCombatArray: z1b4c182a7c8a328c417b025c
27.04.2020 00:46:00: _fnc_infiKeyHandler: i7d4a4e2e7f9a8d658f20
27.04.2020 00:46:00: _vehicle_needs_check: j5b4260103c5a492b8e022a4b823038785e20
27.04.2020 00:46:00: _MAKE_VAR_DUMP_RANDOM: k721d3e2c2c7e6a6d723a7f8a6d8a424e0a6c61
27.04.2020 00:46:00: _MAKE_VAR_DUMP_CLIENT: i084f1f187e9f9d813c
27.04.2020 00:46:00: _DUMPINGPLAYERUIDARRAY: d206d1d928b093c99215a87123e509f7c
27.04.2020 00:46:00: _CURRENTLYDUMPING: n488b5f32296e4e4a1e395e28184e8e
27.04.2020 00:46:00: _antiantihack_rndvar: l736f528d891a712957
27.04.2020 00:46:00: _name_by_uid: j4f017c656f4570821a6d5c881a
27.04.2020 00:46:00: _owner_by_uid: r8f7b7d71276e5d6d6d4b57252e313d4931
27.04.2020 00:46:00: _customcommandingMenu: u9e8f6c735e1f6e3f8b
27.04.2020 00:46:00: _customcommandingMenuOpen: r3c27106d5e2768027f
27.04.2020 00:46:00: _AH_KICKLOG: PVAHR_2s4g4r5e3w9p6f
27.04.2020 00:46:00: ----END-LINE----   (12-04-2020 11-07-03 - v0260)
27.04.2020 13:10:32: <infiSTAR.de> _fnc_RandomGen: {
_fnc_actualGen = {
_abc = ['z','y','x','w','v','u','t','s','r','q','p','o','n','m','l','k','j','i','h','g','f','e','d','c','b','a'];
_gen = _abc select (random ((count _abc)-1));
_arr = ['a','b','8','9','c','7','e','a','f','3','1','0','a','d','2','2','f','d','e','c','0','5','1','d','a','e','7','c','8','9','0'];
_randmax = {((round(random _randminval)) + (round(random _randmaxval))) max _randminval};
for '_i' from 0 to (call _randmax)do
{
_gen = _gen + str(round(random 9)) + (_arr select (random ((count _arr)-1)));
};
};
_gen = '';
while{_gen=='' || _gen in _allRandomGenVars}do{
call _fnc_actualGen;
};
_allRandomGenVars pushBack _gen;
_gen
}
27.04.2020 13:10:32: ----START-LINE----   (12-04-2020 11-07-03 - v0260)
27.04.2020 13:10:32: _adminbox: u8d805a5a8845616d752541398b1d10
27.04.2020 13:10:32: _fnc_mpPackets: s5d6827618c214a7a8b898752429d4e454e5a2023382c
27.04.2020 13:10:32: _FNC_AH_KICKLOG: g5f8c4c8c88295e28001e8d3e
27.04.2020 13:10:32: _FNC_AH_KICKLOGSPAWN: x1f6c7f9b2c5c408d9c
27.04.2020 13:10:32: _FNC_PVAH_AdminReq: v681d9f3a5f021d6898
27.04.2020 13:10:32: _token_by_uid: a771a777c2a67417227612a3a4d791c7d7e
27.04.2020 13:10:32: _uid_by_token: g6577783b9e4d8d3a6d2d1d
27.04.2020 13:10:32: _server_setTokenR: f1a5807526d227f4d8e60
27.04.2020 13:10:32: _YourPlayerToken: c705f0a773722722a278c6d4945
27.04.2020 13:10:32: _TokenCT: c6e7f5e0b814d6e0f65191d81
27.04.2020 13:10:32: _AH_MAIN_BLOCK: v020f40926f2a4a388d494c
27.04.2020 13:10:32: _AHKickOFF: v5f1a30852a2a774f15
27.04.2020 13:10:32: _AHKickLog: e284a437f8a7b815130
27.04.2020 13:10:32: _clientdo: t1f8d0d99251e18212151
27.04.2020 13:10:32: _AH_RunCheckENDVAR: t673e9e7c9032222a2c53803a799d1877
27.04.2020 13:10:32: _AH_RunCheckENDVAR_THREAD: j2f5060533e6719790d15
27.04.2020 13:10:32: _AH_HackLogArrayRND: e3f2e5a781c6e7e4f51376e6c927d29
27.04.2020 13:10:32: _AH_SurvLogArrayRND: d42205e12725053753d
27.04.2020 13:10:32: _AH_AdmiLogArrayRND: q8f68412f7b2e217291193d727c7b034a
27.04.2020 13:10:32: _TMPBAN: r4d3a8a3c8a624a250e6a273c
27.04.2020 13:10:32: _massMessage: r4d7d513d7a597a9a9f7a902f1d5d5808502c
27.04.2020 13:10:32: _massSysMessage: w6d5a57102e42031d506d2a5a
27.04.2020 13:10:32: _AHpos: j4e83475c8e8b1939139a3a
27.04.2020 13:10:32: _ninetwo: m2e8022450c59777d92
27.04.2020 13:10:32: _ninetwothread: h59222e578a1e4f7c7298838d721a3179
27.04.2020 13:10:32: _adminsA: i297c201b6d1f136c5c5c2c5e6e8a2d28
27.04.2020 13:10:32: _MC: s178350118d5095511f8c988c77
27.04.2020 13:10:32: <infiSTAR.de> _fnc_RandomGen: {
_fnc_actualGen = {
_abc = ['z','y','x','w','v','u','t','s','r','q','p','o','n','m','l','k','j','i','h','g','f','e','d','c','b','a'];
_gen = _abc select (random ((count _abc)-1));
_arr = ['a','b','8','9','c','7','e','a','f','3','1','0','a','d','2','2','f','d','e','c','0','5','1','d','a','e','7','c','8','9','0'];
_randmax = {((round(random _randminval)) + (round(random _randmaxval))) max _randminval};
for '_i' from 0 to (call _randmax)do
{
_gen = _gen + str(round(random 9)) + (_arr select (random ((count _arr)-1)));
};
};
_gen = '';
while{_gen=='' || _gen in _allRandomGenVars}do{
call _fnc_actualGen;
};
_allRandomGenVars pushBack _gen;
_gen
}
27.04.2020 13:10:32: ----START-LINE----   (12-04-2020 11-07-03 - v0260)
27.04.2020 13:10:32: _adminbox: u8d805a5a8845616d752541398b1d10
27.04.2020 13:10:32: _fnc_mpPackets: s5d6827618c214a7a8b898752429d4e454e5a2023382c
27.04.2020 13:10:32: _FNC_AH_KICKLOG: g5f8c4c8c88295e28001e8d3e
27.04.2020 13:10:32: _FNC_AH_KICKLOGSPAWN: x1f6c7f9b2c5c408d9c
27.04.2020 13:10:32: _FNC_PVAH_AdminReq: v681d9f3a5f021d6898
27.04.2020 13:10:32: _token_by_uid: a771a777c2a67417227612a3a4d791c7d7e
27.04.2020 13:10:32: _uid_by_token: g6577783b9e4d8d3a6d2d1d
27.04.2020 13:10:32: _server_setTokenR: f1a5807526d227f4d8e60
27.04.2020 13:10:32: _YourPlayerToken: c705f0a773722722a278c6d4945
27.04.2020 13:10:32: _TokenCT: c6e7f5e0b814d6e0f65191d81
27.04.2020 13:10:32: _AH_MAIN_BLOCK: v020f40926f2a4a388d494c
27.04.2020 13:10:32: _AHKickOFF: v5f1a30852a2a774f15
27.04.2020 13:10:32: _AHKickLog: e284a437f8a7b815130
27.04.2020 13:10:32: _clientdo: t1f8d0d99251e18212151
27.04.2020 13:10:32: _AH_RunCheckENDVAR: t673e9e7c9032222a2c53803a799d1877
27.04.2020 13:10:32: _AH_RunCheckENDVAR_THREAD: j2f5060533e6719790d15
27.04.2020 13:10:32: _AH_HackLogArrayRND: e3f2e5a781c6e7e4f51376e6c927d29
27.04.2020 13:10:32: _AH_SurvLogArrayRND: d42205e12725053753d
27.04.2020 13:10:32: _AH_AdmiLogArrayRND: q8f68412f7b2e217291193d727c7b034a
27.04.2020 13:10:32: _TMPBAN: r4d3a8a3c8a624a250e6a273c
27.04.2020 13:10:32: _massMessage: r4d7d513d7a597a9a9f7a902f1d5d5808502c
27.04.2020 13:10:32: _massSysMessage: w6d5a57102e42031d506d2a5a
27.04.2020 13:10:32: _AHpos: j4e83475c8e8b1939139a3a
27.04.2020 13:10:32: _ninetwo: m2e8022450c59777d92
27.04.2020 13:10:32: _ninetwothread: h59222e578a1e4f7c7298838d721a3179
27.04.2020 13:10:32: _adminsA: i297c201b6d1f136c5c5c2c5e6e8a2d28
27.04.2020 13:10:32: _MC: s178350118d5095511f8c988c77
27.04.2020 13:10:32: _MCS: y5c570d2d8f6c3d4d2a
27.04.2020 13:10:32: _checkidicheckcheck: m571e528d133d791f1e
27.04.2020 13:10:32: _lastshotmade: e584e5e079c8d776d4f48822a2c1a6a
27.04.2020 13:10:32: _dellocveh: y2f390b1d2a7d3c5f71176d7767
27.04.2020 13:10:32: _inCombatTime: g633f75925c2a086e4c6a89
27.04.2020 13:10:32: _inCombatArray: b55957779392d1e7b3d6b
27.04.2020 13:10:32: _fnc_infiKeyHandler: x307a6c377a6e2d589e191c2e20484052597c8a8f01
27.04.2020 13:10:32: _vehicle_needs_check: r0b4c18428f68054a2e7c72120c0c5f
27.04.2020 13:10:32: _MAKE_VAR_DUMP_RANDOM: y0d2a99559a4e875f2a
27.04.2020 13:10:32: _MAKE_VAR_DUMP_CLIENT: a475e8a29519a504d672a8b8d674272
27.04.2020 13:10:32: _DUMPINGPLAYERUIDARRAY: t4a592e25701d0e5360572d974d60198d292a
27.04.2020 13:10:32: _CURRENTLYDUMPING: p929a72716e2d59883c
27.04.2020 13:10:32: _antiantihack_rndvar: p1e32510922815872370b2e80136a42897a3a98
27.04.2020 13:10:32: _name_by_uid: o2d4a884e003a4090834c3e408f30
27.04.2020 13:10:32: _owner_by_uid: q621f5c3e7a79922c0a4e519b424b682b1a
27.04.2020 13:10:32: _customcommandingMenu: m1a186d3f7a9e817e988d27315c7b484a7e239b
27.04.2020 13:10:33: _customcommandingMenuOpen: g2839591e711a2f2f029c2c4d178c
27.04.2020 13:10:33: _AH_KICKLOG: PVAHR_6q8i1r5f6i5s
27.04.2020 13:10:33: ----END-LINE----   (12-04-2020 11-07-03 - v0260)
27.04.2020 13:31:00: <infiSTAR.de> _fnc_RandomGen: {
_fnc_actualGen = {
_abc = ['z','y','x','w','v','u','t','s','r','q','p','o','n','m','l','k','j','i','h','g','f','e','d','c','b','a'];
_gen = _abc select (random ((count _abc)-1));
_arr = ['a','b','8','9','c','7','e','a','f','3','1','0','a','d','2','2','f','d','e','c','0','5','1','d','a','e','7','c','8','9','0'];
_randmax = {((round(random _randminval)) + (round(random _randmaxval))) max _randminval};
for '_i' from 0 to (call _randmax)do
{
_gen = _gen + str(round(random 9)) + (_arr select (random ((count _arr)-1)));
};
};
_gen = '';
while{_gen=='' || _gen in _allRandomGenVars}do{
call _fnc_actualGen;
};
_allRandomGenVars pushBack _gen;
_gen
}
27.04.2020 13:31:00: ----START-LINE----   (12-04-2020 11-07-03 - v0260)
27.04.2020 13:31:00: _adminbox: v585c48871c506a10618a0d3e513c517e29807a
27.04.2020 13:31:00: _fnc_mpPackets: u4d2211327a35452b591b0219054c30818239728769
27.04.2020 13:31:00: _FNC_AH_KICKLOG: s35125f20491c278151426c1f882a6b425d51
27.04.2020 13:31:00: _FNC_AH_KICKLOGSPAWN: c1e898d21313068635a
27.04.2020 13:31:00: _FNC_PVAH_AdminReq: i45907d184f335c705f7078
27.04.2020 13:31:00: _token_by_uid: p5889408b104f391a656e1e213f217782
27.04.2020 13:31:00: _uid_by_token: l81557c2d428a3e8e825d5d0a7f
27.04.2020 13:31:00: _server_setTokenR: o7e0d3d42222c8d6e1d592e0c1c8100
27.04.2020 13:31:01: _YourPlayerToken: l1d40596e4f43515e3c
27.04.2020 13:31:01: _TokenCT: d417a972c8f238a805d42239302780d1e7d5a49511a42
27.04.2020 13:31:01: _AH_MAIN_BLOCK: x3a6a7d5e5e4c7c4f07783a
27.04.2020 13:31:01: _AHKickOFF: v3c0c5b415d2a2267386b8247
27.04.2020 13:31:01: _AHKickLog: l4e797235289c405a1d1a6a1e81895c0d37297278
27.04.2020 13:31:01: _clientdo: l32856e4c471d20420d78436c202b
27.04.2020 13:31:01: _AH_RunCheckENDVAR: y42597e8c5b422c4028
27.04.2020 13:31:01: _AH_RunCheckENDVAR_THREAD: j55229a479c290e82480f3a316c5f3c6e2a3a8e19473777
27.04.2020 13:31:01: _AH_HackLogArrayRND: b89307b6128738d6e584e686e1c8e7a3a
27.04.2020 13:31:01: _AH_SurvLogArrayRND: t8f702e394a4c4d883d
27.04.2020 13:31:01: _AH_AdmiLogArrayRND: i158d2087579e2a190c
27.04.2020 13:31:01: _TMPBAN: m7c3a60121153406c4f2c7729
27.04.2020 13:31:01: _massMessage: p4a5513228062987013
27.04.2020 13:31:01: _massSysMessage: p1a2c9d4c6d5e5d1d40825518728e183a8f021767
27.04.2020 13:31:01: _AHpos: g797c517e6c5e5f5c7f9b3e8a4140475f8c
27.04.2020 13:31:01: _ninetwo: o6c826f71087e502e52
27.04.2020 13:31:01: _ninetwothread: s721a09985e6139506a
27.04.2020 13:31:01: _adminsA: e43204c109a5a6e2a02192d
27.04.2020 13:31:01: _MC: r8d415e5b27312e183e0b30
27.04.2020 13:31:01: _MCS: x9a8c8a10531d4a5049
27.04.2020 13:31:01: _checkidicheckcheck: b7f5c7e5e0c37214c0d5c
27.04.2020 13:31:01: _lastshotmade: j716c8e38119119437c33615b
27.04.2020 13:31:01: <infiSTAR.de> _fnc_RandomGen: {
_fnc_actualGen = {
_abc = ['z','y','x','w','v','u','t','s','r','q','p','o','n','m','l','k','j','i','h','g','f','e','d','c','b','a'];
_gen = _abc select (random ((count _abc)-1));
_arr = ['a','b','8','9','c','7','e','a','f','3','1','0','a','d','2','2','f','d','e','c','0','5','1','d','a','e','7','c','8','9','0'];
_randmax = {((round(random _randminval)) + (round(random _randmaxval))) max _randminval};
for '_i' from 0 to (call _randmax)do
{
_gen = _gen + str(round(random 9)) + (_arr select (random ((count _arr)-1)));
};
};
_gen = '';
while{_gen=='' || _gen in _allRandomGenVars}do{
call _fnc_actualGen;
};
_allRandomGenVars pushBack _gen;
_gen
}
27.04.2020 13:31:01: ----START-LINE----   (12-04-2020 11-07-03 - v0260)
27.04.2020 13:31:01: _adminbox: v585c48871c506a10618a0d3e513c517e29807a
27.04.2020 13:31:01: _fnc_mpPackets: u4d2211327a35452b591b0219054c30818239728769
27.04.2020 13:31:01: _FNC_AH_KICKLOG: s35125f20491c278151426c1f882a6b425d51
27.04.2020 13:31:01: _FNC_AH_KICKLOGSPAWN: c1e898d21313068635a
27.04.2020 13:31:01: _FNC_PVAH_AdminReq: i45907d184f335c705f7078
27.04.2020 13:31:01: _token_by_uid: p5889408b104f391a656e1e213f217782
27.04.2020 13:31:01: _uid_by_token: l81557c2d428a3e8e825d5d0a7f
27.04.2020 13:31:01: _server_setTokenR: o7e0d3d42222c8d6e1d592e0c1c8100
27.04.2020 13:31:01: _YourPlayerToken: l1d40596e4f43515e3c
27.04.2020 13:31:01: _TokenCT: d417a972c8f238a805d42239302780d1e7d5a49511a42
27.04.2020 13:31:01: _AH_MAIN_BLOCK: x3a6a7d5e5e4c7c4f07783a
27.04.2020 13:31:01: _AHKickOFF: v3c0c5b415d2a2267386b8247
27.04.2020 13:31:01: _AHKickLog: l4e797235289c405a1d1a6a1e81895c0d37297278
27.04.2020 13:31:01: _clientdo: l32856e4c471d20420d78436c202b
27.04.2020 13:31:01: _AH_RunCheckENDVAR: y42597e8c5b422c4028
27.04.2020 13:31:01: _AH_RunCheckENDVAR_THREAD: j55229a479c290e82480f3a316c5f3c6e2a3a8e19473777
27.04.2020 13:31:01: _AH_HackLogArrayRND: b89307b6128738d6e584e686e1c8e7a3a
27.04.2020 13:31:01: _AH_SurvLogArrayRND: t8f702e394a4c4d883d
27.04.2020 13:31:01: _AH_AdmiLogArrayRND: i158d2087579e2a190c
27.04.2020 13:31:01: _TMPBAN: m7c3a60121153406c4f2c7729
27.04.2020 13:31:01: _massMessage: p4a5513228062987013
27.04.2020 13:31:01: _massSysMessage: p1a2c9d4c6d5e5d1d40825518728e183a8f021767
27.04.2020 13:31:01: _AHpos: g797c517e6c5e5f5c7f9b3e8a4140475f8c
27.04.2020 13:31:01: _ninetwo: o6c826f71087e502e52
27.04.2020 13:31:01: _ninetwothread: s721a09985e6139506a
27.04.2020 13:31:01: _adminsA: e43204c109a5a6e2a02192d
27.04.2020 13:31:01: _MC: r8d415e5b27312e183e0b30
27.04.2020 13:31:01: _MCS: x9a8c8a10531d4a5049
27.04.2020 13:31:01: _checkidicheckcheck: b7f5c7e5e0c37214c0d5c
27.04.2020 13:31:01: _lastshotmade: j716c8e38119119437c33615b
27.04.2020 13:31:01: _dellocveh: y31118a8f1d891a1d8d31321a915a7072575a
27.04.2020 13:31:01: _inCombatTime: j301a3088002f121b7d
27.04.2020 13:31:01: _inCombatArray: q5e206a614060259f29
27.04.2020 13:31:01: _fnc_infiKeyHandler: m3f2f476d788a7b4571608a17
27.04.2020 13:31:01: _vehicle_needs_check: f6f9a422e120b782e236e0d6a7b9a8f2f62
27.04.2020 13:31:01: _MAKE_VAR_DUMP_RANDOM: z3000820f954b5b7f3d
27.04.2020 13:31:01: _MAKE_VAR_DUMP_CLIENT: m90006a8a0027979e823c3147804a3d10236f111783
27.04.2020 13:31:01: _DUMPINGPLAYERUIDARRAY: y2b2f792a6d2d3c514e051a6b4c2f
27.04.2020 13:31:01: _CURRENTLYDUMPING: s392f1c73292e6a327f
27.04.2020 13:31:01: _antiantihack_rndvar: b1d5e1e1c4f107e295a1c882a1e7e1c3312271e4f5178428a5c
27.04.2020 13:31:01: _name_by_uid: v7a807f104f4f8d796293
27.04.2020 13:31:01: _owner_by_uid: x701d5e6b80929e2f61
27.04.2020 13:31:01: _customcommandingMenu: e0c3d002e2c710e7c586d198e1d390e32208c
27.04.2020 13:31:01: _customcommandingMenuOpen: g20091d8c5e4d7b2898298c3d58104a
27.04.2020 13:31:01: _AH_KICKLOG: PVAHR_5d1x4f4l3y8h
27.04.2020 13:31:01: ----END-LINE----   (12-04-2020 11-07-03 - v0260)
