22.04.2020 00:41:20: infiSTAR_PlayerConnected_id: 1
22.04.2020 00:41:20: infiSTAR_PlayerDisconnected_id: 0
22.04.2020 00:41:21: #0 Connected: HC1(HC5012) Owner: 4
22.04.2020 00:43:09: 0h 2min | Connected: John Vazquez(76561198172058511 - 5) - time: 109.536 - serverFPS: 45.7143
22.04.2020 00:43:38: 0h 2min | Disconnected: John Vazquez(76561198172058511 - 5) - time: 138.176 - serverFPS: 45.7143
22.04.2020 00:43:52: 0h 3min | Connected: John Vazquez(76561198172058511 - 5) - time: 152.239 - serverFPS: 45.4545
22.04.2020 01:28:26: infiSTAR_PlayerConnected_id: 1
22.04.2020 01:28:26: infiSTAR_PlayerDisconnected_id: 0
22.04.2020 01:28:32: #0 Connected: HC1(HC5012) Owner: 4
22.04.2020 01:30:26: 0h 2min | Connected: John Vazquez(76561198172058511 - 6) - time: 120.712 - serverFPS: 45.977
22.04.2020 01:37:05: infiSTAR_PlayerConnected_id: 1
22.04.2020 01:37:05: infiSTAR_PlayerDisconnected_id: 0
22.04.2020 01:37:07: #0 Connected: headlessclient(HC3144) Owner: 4
22.04.2020 01:38:08: 0h 1min | Connected: John Vazquez(76561198172058511 - 5) - time: 63.376 - serverFPS: 45.584
22.04.2020 01:39:43: 0h 3min | Disconnected: John Vazquez(76561198172058511 - 5) - time: 158.847 - serverFPS: 45.584
22.04.2020 01:40:59: 0h 4min | Connected: John Vazquez(76561198172058511 - 6) - time: 234.281 - serverFPS: 45.4545
22.04.2020 01:41:15: 0h 4min | Disconnected: John Vazquez(76561198172058511 - 6) - time: 250.718 - serverFPS: 45.584
22.04.2020 01:46:32: 0h 10min | Connected: John Vazquez(76561198172058511 - 7) - time: 567.506 - serverFPS: 45.4545
22.04.2020 01:47:02: 0h 10min | Disconnected: John Vazquez(76561198172058511 - 7) - time: 598.103 - serverFPS: 45.584
22.04.2020 01:53:12: infiSTAR_PlayerConnected_id: 1
22.04.2020 01:53:12: infiSTAR_PlayerDisconnected_id: 0
22.04.2020 01:53:18: #0 Connected: HC1(HC3144) Owner: 4
22.04.2020 01:54:01: 0h 1min | Connected: John Vazquez(76561198172058511 - 5) - time: 50.064 - serverFPS: 45.584
22.04.2020 01:55:21: infiSTAR_PlayerConnected_id: 1
22.04.2020 01:55:21: infiSTAR_PlayerDisconnected_id: 0
22.04.2020 01:55:27: #0 Connected: HC1(HC3144) Owner: 4
22.04.2020 01:55:52: 0h 1min | Connected: John Vazquez(76561198172058511 - 5) - time: 32.352 - serverFPS: 45.4545
22.04.2020 01:56:05: 0h 1min | Disconnected: John Vazquez(76561198172058511 - 5) - time: 45.349 - serverFPS: 44.9438
22.04.2020 01:57:34: 0h 2min | Connected: John Vazquez(76561198172058511 - 6) - time: 134.364 - serverFPS: 45.8453
22.04.2020 01:57:51: 0h 3min | Disconnected: John Vazquez(76561198172058511 - 6) - time: 151.689 - serverFPS: 44.9438
22.04.2020 02:13:29: 0h 18min | Connected: John Vazquez(76561198172058511 - 7) - time: 1089.61 - serverFPS: 45.7143
22.04.2020 02:19:51: 0h 25min | Disconnected: John Vazquez(76561198172058511 - 7) - time: 1470.88 - serverFPS: 45.4545
22.04.2020 02:34:04: 0h 39min | Connected: John Vazquez(76561198172058511 - 8) - time: 2324 - serverFPS: 45.7143
22.04.2020 02:34:24: 0h 39min | Disconnected: John Vazquez(76561198172058511 - 8) - time: 2344.02 - serverFPS: 45.4545
22.04.2020 03:07:47: infiSTAR_PlayerConnected_id: 1
22.04.2020 03:07:47: infiSTAR_PlayerDisconnected_id: 0
22.04.2020 03:08:55: 0h 1min | Connected: John Vazquez(76561198172058511 - 4) - time: 69.962 - serverFPS: 44.4444
22.04.2020 03:09:21: 0h 2min | Disconnected: John Vazquez(76561198172058511 - 4) - time: 96.88 - serverFPS: 45.584
22.04.2020 03:20:29: infiSTAR_PlayerConnected_id: 1
22.04.2020 03:20:29: infiSTAR_PlayerDisconnected_id: 0
22.04.2020 03:22:05: 0h 2min | Connected: John Vazquez(76561198172058511 - 4) - time: 96.611 - serverFPS: 44.9438
22.04.2020 03:22:46: 0h 2min | Disconnected: John Vazquez(76561198172058511 - 4) - time: 137.998 - serverFPS: 44.8179
22.04.2020 03:25:45: 0h 5min | Connected: John Vazquez(76561198172058511 - 5) - time: 316.935 - serverFPS: 45.584
22.04.2020 03:27:13: 0h 7min | Disconnected: John Vazquez(76561198172058511 - 5) - time: 404.664 - serverFPS: 45.7143
22.04.2020 03:28:16: 0h 8min | Connected: John Vazquez(76561198172058511 - 6) - time: 467.927 - serverFPS: 45.584
22.04.2020 03:29:47: 0h 9min | Disconnected: John Vazquez(76561198172058511 - 6) - time: 558.652 - serverFPS: 45.584
22.04.2020 04:29:42: 1h 9min | Connected: John Vazquez(76561198172058511 - 7) - time: 4153.95 - serverFPS: 45.3258
22.04.2020 04:32:14: 1h 12min | Disconnected: John Vazquez(76561198172058511 - 7) - time: 4305.15 - serverFPS: 44.9438
22.04.2020 04:40:39: 1h 20min | Connected: John Vazquez(76561198172058511 - 8) - time: 4810.26 - serverFPS: 45.4545
22.04.2020 04:51:09: 1h 31min | Disconnected: John Vazquez(76561198172058511 - 8) - time: 5440.51 - serverFPS: 44.8179
22.04.2020 19:21:08: infiSTAR_PlayerConnected_id: 1
22.04.2020 19:21:08: infiSTAR_PlayerDisconnected_id: 0
22.04.2020 19:21:53: #0 Connected: headlessclient(HC4604) Owner: 4
22.04.2020 21:59:22: 2h 38min | Disconnected: headlessclient(HC4604 - 4) - time: 9495.12 - serverFPS: 45.4545
22.04.2020 22:00:27: #0 Connected: headlessclient(HC6024) Owner: 5
22.04.2020 22:00:50: 2h 40min | Disconnected: headlessclient(HC6024 - 5) - time: 9582.16 - serverFPS: 45.7143
22.04.2020 22:01:30: #0 Connected: headlessclient(HC5840) Owner: 6
