19.04.2020 13:49:55: 0h 1min | John Vazquez(76561198172058511) | AdminConsole
19.04.2020 16:52:56: 0h 2min | John Vazquez(76561198172058511) | AdminConsole
19.04.2020 16:54:31: 0h 1min | John Vazquez(76561198172058511) | AdminConsole
19.04.2020 20:10:01: 0h 3min | John Vazquez(76561198172058511) | AdminConsole
19.04.2020 20:34:00: 0h 2min | John Vazquez(76561198172058511) | AdminConsole
19.04.2020 20:38:23: 0h 3min | John Vazquez(76561198172058511) | AdminConsole
19.04.2020 20:42:43: 0h 1min | John Vazquez(76561198172058511) | AdminConsole
19.04.2020 20:44:42: 0h 3min | John Vazquez(76561198172058511) | AdminConsole
19.04.2020 20:55:36: 0h 1min | John Vazquez(76561198172058511) | AdminConsole
19.04.2020 21:12:19: 0h 1min | [Brg-Chef] R.Belleville(76561198345632830) | God Mode - 1
19.04.2020 21:12:20: 0h 1min | [Brg-Chef] R.Belleville(76561198345632830) | Teleport In Facing Direction (10m steps) - 1
19.04.2020 21:13:48: 0h 3min | [Brg-Chef] R.Belleville(76561198345632830) | spawning GPS (ItemGPS)
19.04.2020 21:14:57: 0h 4min | [Brg-Chef] R.Belleville(76561198345632830) | Teleport to [0.148038,20479.9,0](GPS: 000051)
19.04.2020 21:45:13: 0h 5min | John Vazquez(76561198172058511) | AdminConsole
19.04.2020 21:47:05: 0h 6min | John Vazquez(76561198172058511) | AdminConsole
19.04.2020 21:47:53: 0h 7min | John Vazquez(76561198172058511) | AdminConsole
19.04.2020 21:48:11: 0h 8min | John Vazquez(76561198172058511) | spawning Map (ItemMap)
19.04.2020 21:48:12: 0h 8min | John Vazquez(76561198172058511) | spawning Map (ItemMap)
19.04.2020 21:48:28: 0h 8min | John Vazquez(76561198172058511) | AdminConsole
19.04.2020 22:13:26: 0h 1min | John Vazquez(76561198172058511) | AdminConsole
